3000
1 9051 415 9630 600 8990 600 9385 600 9482 486 8998 600 9332 600 9500 600 8926 479 8890 600 9556 396
2 8916 381
3 9311 600 9134 600 9270 596
4 8777 255
5 8941 600 8736 600 9217 160
6 8985 600 6327 590 6501 600 7728 580 8622 312
7 8818 364
8 9048 401
9 5758 600 7295 600 7434 580 5904 600 6075 590 6564 600 6869 580 7003 590 7733 600 6265 208 6898 600 7155 600 7291 590 5441 289
10 8887 600 8603 600 8620 600 8978 600 9375 179
11 8597 14
12 9151 174
13 7474 600 7458 600 7316 600 6756 600 7671 600 6949 600 6720 185
14 9220 275 9306 600 8830 269
15 8869 440
16 8981 397
17 9510 128
18 8417 600 8715 600 8230 600 8450 600 8595 301
19 6727 600 6605 600 6506 600 7452 600 6550 600 5890 580 6414 553
20 8727 600 8541 481
21 9526 18
22 5146 600 5152 590 5145 65
23 5765 600 6984 590 5687 590 6765 600 6100 600 6355 600 7008 580 5599 600 6145 282
24 9156 405
25 9017 415
26 5859 600 6041 539 5960 600 6049 600 6152 441
27 8403 600 8441 17
28 9138 275
29 6056 600 6116 600 6010 600 6292 600 5943 99
30 9028 600 8917 600 9033 96
31 5617 600 5745 600 5861 600 6034 489
32 117 580 132 600 123 600 143 600 180 580 182 580 109 600 128 580 131 590 138 600 141 600 145 580 179 263
33 8767 600 8810 600 8868 200
34 6262 600 5683 335
35 8264 600 8222 600 8195 600 8344 600 8353 600 8289 559
36 8995 88
37 8716 254
38 7621 511
39 9449 336
40 9518 600 9049 600 9622 600 8381 590 8888 600 9109 292
41 9442 600 8162 600 8988 600 9604 600 6827 600 8133 600 8318 580 6796 580 6917 600 9310 600 5408 123
42 6022 600 5811 176
43 9502 600 9429 478
44 5798 590 6754 600 7237 590 5545 600 5667 600 7054 600 7372 485
45 9796 125
46 8766 582
47 6779 580 7605 600 8217 600 5712 580 8018 600 8241 211
48 8909 338
49 8348 580 8373 580 8058 590 6640 590 7788 580 7943 590 6254 580 6816 580 7052 511
50 9507 600 9179 600 9008 155
51 6496 600 8398 526
52 6039 600 6021 600 6034 86
53 8707 357
54 9169 600 8977 292
55 8741 328
56 7497 459
57 5788 600 6225 528 5553 600 6051 600 5796 4
58 8831 50
59 9187 600 9007 600 8315 600 8149 600 8386 600 8940 600 8471 417
60 9212 600 8759 600 8794 600 8714 169
61 5841 600 6101 481
62 2069 590 2646 600 2423 590 2481 359
63 6325 90
64 5720 600 5994 600 5558 580 5826 590 5732 590 5755 600 5731 127
65 9351 570 8742 584
66 6365 421
67 9203 388
68 9047 232
69 6110 103
70 5179 590 5183 590 5175 580 5176 580 5186 600 5124 590 5153 404
71 9000 171
72 9252 600 8836 600 9157 376 8606 97
73 6040 600 5782 368
74 9846 105
75 9482 92
76 8571 600 8557 600 8497 404
77 9593 600 9123 314 9278 600 9416 600 9042 113
78 5811 232
79 8535 600 8544 600 6177 580 6237 600 5840 580 6410 580 6618 580 6666 555
80 8938 488 8485 600 8882 7
81 8685 600 8461 600 8743 600 8076 600 8316 600 8642 600 8064 600 8124 381
82 9628 81
83 9001 600 9083 600 8992 28
84 8040 600 7744 600 7490 590 7346 590 7599 600 6701 600 7896 600 6584 90
85 8915 600 9024 600 9188 600 8774 164
86 5888 590
87 8807 600 9016 474 8623 600 8755 600 9031 42
88 6209 600 5925 590 5820 600 5705 600 5917 189
89 8859 600 8938 112
90 9387 9
91 2388 580 2528 580 2287 590 2380 405
92 6893 580 7350 580 5391 275
93 9585 223
94 6019 600 5660 155
95 9217 31
96 8928 293
97 9277 396 9315 600 9200 600 9095 600 8886 474 8951 600 8994 600 9119 600 8708 257
98 9726 8
99 8439 600 8577 600 6064 586 8458 524
100 9105 484
101 6157 600 6201 600 6061 534
102 7563 600 7400 600 6866 590 6294 600 7309 600 6541 128
103 7957 580 8507 580 5389 600 7177 590 7234 600 8530 600 8913 431 5954 600 6547 148
104 6529 180
105 8678 600 9125 600 9173 154
106 9033 184
107 6888 600 8030 590 8311 590 8816 600 5917 302
108 6246 600 6344 600 6362 99
109 9094 275
110 6200 13
111 9312 411
112 342 600 326 15
113 9746 101
114 4365 387
115 8308 590 8356 590 8364 590 6867 590 7126 600 8601 600 5532 580 5748 51
116 6352 580 6530 580 6624 590 6951 590 7299 590 6245 590 6842 580 6509 28
117 7955 600 8070 153
118 6401 600 6103 172
119 9870 44
120 9613 600 6354 590 6697 600 8957 600 6453 600 9074 600 6459 600 6632 600 7522 600 5934 600 7329 600 8492 600 8549 580 6329 92
121 8489 600 8358 600 8346 600 8438 600 8449 600 8455 85
122 6324 600 6340 110
123 8971 339
124 5855 600 5955 139
125 2383 600 2610 600 2335 346
126 8772 600 8677 600 8422 600 6278 600 6596 24
127 8906 600 8921 590 9644 590 6239 600 6938 580 7968 513
128 5975 590 6090 600 6141 272 5922 187
129 6144 600 5833 600 6390 600 5886 590 6299 295
130 9288 600 9333 600 9357 600 7633 590 8061 580 8889 600 6828 600 8640 590 8793 51
131 6526 600 6510 600 6580 600 7148 553
132 6087 456
133 9037 590 5900 320 5807 600 7136 590 7978 590 8762 600 9313 590 6119 580 6138 580 7449 600 8023 590 8306 551
134 8560 589 8537 482
135 9202 450 8706 600 9155 600 8559 600 8739 38
136 8841 475
137 9553 600 9564 600 9477 125
138 7059 580 7735 580 8387 590 5930 590 5995 600 6788 590 8440 600 6291 590 6760 200
139 6460 600 6182 409
140 8835 310 9296 600 8329 590 8365 600 8616 590 7094 590 8430 600 6703 590 7703 600 8496 31
141 5854 600 5774 600 6143 600 5600 575
142 5631 600 5803 600 6456 580 6948 600 7767 600 5433 580 5682 600 6058 590 6290 600 6311 590 7833 290
143 9829 26
144 9638 64
145 9634 600 6835 590 8110 115
146 8902 600 8958 210
147 6651 600 6392 600 7065 600 6525 92
148 9232 600 8808 125
149 9157 224
150 8733 600 8950 449
151 6178 600 5947 600 5778 600 5979 210
152 6127 600 6107 600 6287 600 6234 401
153 8871 600 8803 600 8786 30
154 8842 600 8770 600 8958 390 9248 600 8672 600 8600 600 8691 600 8821 240
155 9455 600 9265 600 8510 600 9541 600 9285 600 8567 600 8721 600 9031 558 9314 600 9324 220
156 9750 575 9120 600 9154 600 9002 590 9107 600 9599 219
157 9334 152
158 7153 597
159 5717 590 5878 600 6025 600 5929 600 5827 600 5670 277
160 6339 600 6361 600 6350 597
161 6181 576 6301 600 6302 600 6322 414
162 9283 133
163 8892 600 8703 197
164 8131 151
165 8564 600 8999 590 5595 590 6786 590 6872 600 7591 590 7704 600 8240 508 9431 309 9571 600 5670 323 5898 580 6134 276
166 9701 237
167 9510 472 9531 600 9574 548 9567 600 9563 600 8976 131 9011 600 8960 600 9501 600 9301 600 9534 600 9185 217
168 8879 600 8787 600 9214 600 9043 600 9109 117
169 8671 600 8701 484 8869 94
170 9047 368 8525 600 8698 600 9102 600 8472 214
171 9005 426
172 9304 424
173 6229 600 6310 600 6172 286
174 5324 600 5325 590 5294 600 5285 8
175 9429 65
176 7199 590 7379 600 6507 600 6734 565
177 9081 84
178 8660 590 8764 590 8973 590 8143 600 8635 600 5443 600 5616 600 5920 374 7731 600 6724 495
179 2621 600 2599 600 2529 406
180 6078 600 5908 600 5935 600 5993 398
181 9453 600 6484 590 8193 600 8409 590 8194 600 8529 600 9221 591 7137 600 7971 580 8145 157
182 9659 600 9602 600 9512 600 8911 600 9004 600 9280 600 9020 561 9548 600 8757 169
183 5576 63
184 8420 600 9018 600 9208 600 9364 580 9436 600 6803 600 8214 600 8026 600 8279 590 8408 590 9146 600 9560 252
185 6122 600 6141 328
186 6005 600 5643 195
187 7123 600 5980 580 6641 580 6735 580 7711 580 8255 216
188 8817 574 9091 30
189 8780 600 8861 519
190 8972 600 9183 600 8952 600 8765 600 9198 600 8523 145
191 9693 600 9617 600 9619 593
192 7225 600 7337 580 7352 580 8021 474
193 7850 600 8749 600 9253 361 8919 49
194 8837 600 8607 419
195 6283 600 6367 259
196 8845 600 8835 290
197 8428 600 8563 580
198 9413 509 9526 561 9488 476
199 9123 286
200 7866 600 9233 600 8397 224
201 5911 430
202 6881 600 6650 600 6598 600 7285 600 6304 600 7339 518
203 6336 600 5882 600 5926 590 6139 559 5799 600 5724 265
204 8880 212
205 9928 30
206 8583 600 8891 600 9118 453
207 9379 339
208 9191 470
209 7178 600 7917 266
210 9112 600 9009 488
211 8872 198
212 9390 514 9298 94
213 9349 600 8310 590 8814 594 6013 462
214 8674 600 8664 430
215 8928 83
216 8576 600 5668 590 6161 580 6293 317
217 8493 600 8484 219
218 5685 600 5652 580 5574 590 5664 600 5540 523
219 9075 331
220 9880 112
221 9016 126
222 9439 600 9384 600 9241 600 9065 477 9012 600 9077 598
223 8894 600 8625 600 8560 11
224 6577 600 5979 390 6323 580 6684 600 6129 600 6511 600 6716 600 7018 92
225 8955 230
226 8947 11
227 9343 370
228 5473 590 7499 580 5790 600 5967 580 6702 600 5487 580 5493 580 6808 590 5727 600 7047 477
229 5913 539 6028 600 6006 214
230 6537 600 6709 590 6359 580 7053 580 6448 580 6467 600 6642 580 6793 569
231 8164 600 8608 600 8732 533
232 9371 393 9014 590 9191 130 6928 590 7024 600 9474 498
233 9182 18
234 5729 600 6150 600 5924 112
235 8442 600 8039 114
236 8832 600 8441 583 8707 243 8587 600 8713 600 8375 600 8751 123
237 6841 600 6865 600 8568 600 8140 600 8944 600 8007 580 8216 600 9164 580 7874 600 8109 590 8689 580 9257 600 5462 600 7561 120
238 5870 600 6037 600 5725 600 5939 382
239 6415 600 6343 600 6430 33
240 6014 600 6200 450 6227 600 6184 87
241 5849 281
242 6260 600 6057 379
243 8920 93
244 9166 600 8527 311
245 7844 600 8514 290
246 8967 571 8792 600 8606 503 8632 600 8552 600 8984 464
247 9509 167
248 9468 140
249 100 600 107 600 101 590 136 580 151 590 77 600 147 580 76 600 7072 590 6513 600 167 224
250 6001 590 6279 600 6487 590 6587 600 6652 580 6811 600 6843 600 7326 590 7556 580 6685 513
251 9440 328
252 5986 600 5885 600 6154 38
253 8947 26
254 5959 590 5868 580 5850 600 5746 600 5704 590 5674 600 5753 109
255 9755 103
256 8824 580
257 8596 600 9392 600 9114 211
258 9738 189
259 2840 600 2699 102
260 5403 600 8173 600 8637 600 8974 590 6556 590 8183 590 8337 600 8545 590 5880 590 6515 600 6677 590 7141 600 7992 265
261 8609 235
262 8681 600 8284 600 8656 600 8268 342
263 6551 600 8877 600 8788 516
264 8817 26
265 7278 600 8522 600 8823 600 8977 308 5839 580 6863 600 6918 600 7918 580 8532 590 8644 600 5961 580 6708 441
266 8748 600 8585 600 8650 105
267 9431 291
268 5099 600 5094 583
269 8783 600 8699 600 9094 267
270 8115 600 6845 327
271 8717 600 8303 580 9064 600 8565 590 8937 600 9236 300
272 9350 600 7986 590
273 8922 600 8942 315
274 6477 306
275 5815 600 5630 600 6112 600 6204 291
276 5629 600 5639 600 5692 600 5918 472
277 9287 591
278 8777 159
279 9245 373
280 9268 154
281 8834 600 8742 8
282 9660 600 7016 467 7991 600 8011 590 9019 600 9441 600 8473 600 8779 580 8959 590 6428 311
283 2371 600 2172 8
284 2221 9
285 8953 600 9114 140
286 9060 600 9091 11
287 9452 472
288 8661 600 8813 600 8851 600 8875 487 8575 600 8722 138
289 9204 398
290 9050 311
291 9651 600 9073 600 9116 600 8669 600 9295 600 8573 600 8581 600 9464 600 9669 600 9207 497
292 8325 600 5657 600 5867 600 6870 580 8151 333
293 6340 490 6432 600 6490 600 6228 590 6358 590 6476 600 6451 580 6431 145
294 8554 572 8495 600 8352 600 8351 600 8503 600 8470 268
295 8479 72
296 9262 589 8968 553
297 6417 441
298 9801 27
299 5876 555
300 9298 506 8687 600 9267 600 9088 600 8551 600 8955 370 9089 423
301 7415 595
302 6160 273
303 9220 325
304 9676 68
305 5635 600 5893 380
306 9182 571
307 8709 563 8997 600 8554 28
308 9471 590 7588 600 7785 580 8820 590 9190 349
309 8738 590 8753 600 8562 600 5560 600 5943 491 6619 321
310 8876 600 8920 188
311 6549 590 7058 590 8383 600 9546 600 5665 600 6504 600 6627 590 7450 590 6357 600 6567 580 6574 574
312 2650 600 2641 600 2684 301
313 8905 600 5360 600 6300 600 8419 590 8925 590 7253 600 8480 590 8515 590 6707 580 8401 600 6308 600 6590 600 9142 369
314 6171 600 6096 390
315 6826 600 9308 600 6166 580 5584 590 8070 447 7392 580 9072 600 6972 590 7087 590 8113 590 8437 267
316 6398 600 6333 600 6433 600 6347 600 6442 600 6362 5
317 9045 600 9272 600 9381 600 9482 22
318 9581 600 9430 600 9106 600 9319 600 9671 600 9365 600 8966 600 9211 600 9580 185
319 8747 600 8752 306
320 7020 600 8071 342
321 9417 600 8895 116
322 7849 101
323 5500 600 5525 600 5547 600 5529 600 5491 580 5527 590 5571 590 5523 590 5516 195
324 6648 590 6698 152
325 8511 580 8666 580 6957 600 8301 600 8604 580 8192 580 5962 289
326 5638 600 6124 590 6341 600 6458 590 6592 600 5368 580 6349 580 6973 590 6657 600 6656 600 5374 351
327 9468 460 8469 600 6377 600 5860 600 5902 600 5936 134
328 9101 600 9217 157
329 9221 9
330 8239 600 8309 600 8150 600 6601 337
331 2398 590 2471 532
332 5575 580 5449 56
333 8679 600 9366 600 8695 600 8924 600 8897 600 9092 600 8965 600 8655 307
334 8413 600 8546 590 8451 590 6593 600 6729 600 5479 590 7602 600 8290 49
335 6296 600 6353 600 6225 72
336 5751 600 5767 600 5999 455
337 9277 204
338 6066 598
339 8872 402 9327 600 9409 537
340 9149 600 9148 600 8926 121
341 5015 600 2883 392
342 9472 600 9524 600 9485 600 9643 600 8933 600 8593 600 8796 600 8867 600 9163 120
343 5906 473
344 5974 600 5835 426
345 5977 600 6135 600 5741 388
346 6319 600 6368 600 6438 600 6386 600 6384 600 6330 600 6231 269
347 5858 600 5987 600 6081 510
348 9345 191
349 5894 600 5659 600 5759 600 5946 600 6041 61
350 8782 580 9465 600 9368 600 8760 580 8490 600 9330 590 9677 600 9726 592 8478 600 9470 600 5450 590 6372 297
351 9428 600 9539 501
352 6623 600 6772 590 6953 600 7847 580 8349 347
353 8613 600 9359 600 9229 600 8948 578
354 5837 600 6121 600 5819 600 5655 600 6158 87
355 8648 398
356 6396 590 6569 590 5466 600 6208 590 5585 590 6595 590 5730 212
357 9645 600 9676 532 9372 600 9010 600 9022 600 9099 573 9369 600 9256 517
358 8822 566
359 8809 600 8804 600 8874 534
360 8995 357
361 6125 600 6136 600 6008 600 6364 600 6151 49
362 8801 600 8737 600 8886 126
363 8964 461
364 8778 600 9491 600 8330 600 9281 574 7777 383
365 9051 185
366 6334 600 6297 600 6329 121
367 5923 600 5981 590 6018 62
368 8704 600 8730 600 9185 12
369 4265 454
370 6159 600 5733 9
371 8588 562
372 6258 289
373 5976 590 5832 580 5662 600 5637 590 5813 600 5991 600 5592 468
374 8934 525
375 2336 600 2576 135
376 9790 88
377 9421 600 9178 600 9153 600 9160 600 8612 247
378 6092 600 6185 600 6242 600 5715 274
379 8126 600 9139 379
380 6063 600 6130 600 6181 24
381 9196 446
382 6700 600 7070 590 6554 590 6699 600 6649 580 6543 590 6581 589
383 8776 591
384 9526 21
385 6154 562 6155 500
386 5672 600 5971 600 5865 600 5681 410
387 9583 580 9264 89
388 9282 600 9346 600 9425 600 9545 600 9466 600 9506 600 8847 576
389 9129 600 9058 271
390 268 178
391 9490 600 9113 600 9071 600 9382 473 9085 600 9294 600 9173 446 6113 580 6380 219
392 6191 600 6213 600 6282 539
393 8611 600 6717 590 6900 590 7160 590 7320 600 6499 600 7260 600 8136 580 6036 590 6783 600 6784 554
394 6498 590 6175 580 6189 590 6441 600 6266 600 6176 580 6540 600 6295 590 6281 288
395 9378 441
396 8524 590 8774 436 8777 186 9104 580 6662 590 7010 590 7191 580 8203 590 8263 580 8314 590 8645 590 9030 590 9036 171
397 8883 600 8880 388 8830 95
398 9054 600 6834 600 8281 600 5734 450 5847 600 6188 600 6205 580 8182 600 8429 579
399 4991 600 5006 600 4974 305
400 8597 133
401 8592 600 8566 600 8589 600 8240 92
402 5763 600 5912 600 5900 280
403 6688 590 6745 580 6906 580 6132 580 6455 600 7133 600 7983 600 8621 590 8631 590 5742 590 5909 590 6397 134
404 6251 590 6411 580 6156 580 6250 590 5958 590 6658 311
405 9253 239
406 9413 91
407 9144 600 9322 600 9034 600 9382 127
408 8657 600 8594 600 8756 600 8875 113
409 6074 600 6085 600 6186 247
410 9021 596 9091 516
411 8663 600 8686 600 7582 580 6914 580 8682 600 5589 600 6346 590 6723 176
412 6426 600 6298 600 6430 518 6326 600 6469 600 6360 17
413 8181 600 5632 600 6089 600 7055 590 7246 590 7860 600 9380 590 5911 170 6552 590 8155 590 8819 590 9132 600 5891 600 6184 263
414 8868 124
415 8986 324
416 9015 502
417 9412 240
418 6023 600 6032 600 5796 385
419 8556 600 8464 600 8488 600 8499 600 8696 275
420 9133 600 9456 600 8831 550 9096 152
421 8967 29
422 9418 600 9461 600 9246 475
423 5828 600 6272 600 6206 573 5780 461
424 6715 600 6313 590 6478 580 6613 580 6407 600 7115 55
425 102 580 9165 600 9487 600 9093 600 5716 590 7224 600 9618 249
426 6204 309 6224 600 5871 600 6099 590 6761 600 6621 600 6320 600 6345 590 7084 600 6248 231
427 6445 512
428 8728 127
429 8976 469
430 8641 600 8840 600 8870 373
431 9283 467 9351 30
432 8878 600 7862 600 7609 180
433 8629 600 8276 580 8720 590 6449 590 7451 590 7988 590 8673 590 6560 600 6775 238
434 9497 600 9612 600 9128 600 8761 600 9203 212 9628 519 9345 409 8785 293
435 6393 600 6430 49
436 6153 600 6244 600 6255 600 6165 233
437 399 600 418 600 412 580 426 600 478 580 432 600 463 26
438 8684 600 8829 600 8846 507
439 6148 590 6997 600 5953 590 6675 580 8227 120
440 8270 590 8550 600 8987 600 5851 590 5915 580 5936 155
441 5787 600 5957 600 5982 600 6133 341
442 8586 600 8361 600 8639 600 8728 473 8949 391
443 8243 590 8580 129
444 7323 600 6483 498 6277 253
445 9087 379
446 8939 600 8763 600 8913 169
447 6273 600 6280 600 5951 600 6265 392
448 9576 81
449 9457 276
450 6238 158
451 9387 195
452 9638 69
453 9970 11
454 9066 357
455 8658 600 8448 600 8690 600 9026 600 8509 78
456 9260 600 9408 600 9250 600 9576 519 9300 461
457 6270 600 6427 590 6607 590 7034 600 6169 590 6202 468
458 6924 600 7886 590 8262 600 5582 600 5966 600 5862 580 5916 600 6286 580 6610 590 6860 590 6894 600 8010 600 8129 29
459 8865 600 9115 350
460 7135 590 6838 600 6637 600 6670 590 6594 414
461 7134 69
462 9281 26
463 9750 25
464 6491 77
465 9601 157
466 9499 376
467 9398 590 8221 590 8249 590 8266 600 8446 590 8773 590 9393 600 5613 600 5874 600 8168 600 6686 21
468 7333 600 7370 580 8543 590 8907 590 8995 155 9127 590 6562 600 8206 600 8396 580 8466 590 8536 580 9056 178
469 8852 600 8815 406
470 8758 600 8975 600 9225 600 9339 600 7016 133
471 9321 600 9266 600 8665 533 8693 600 9230 600 8769 600 8881 600 8598 56
472 6998 600 6669 600 6982 93
473 8849 600 9100 600 8739 89
474 8293 590 8500 600 5559 600 5586 167
475 8860 586
476 8271 590 9582 600 5323 590 5573 235
477 5889 600 5721 468
478 668 600 639 75
479 9915 69
480 5625 590 5786 600 6269 600 6253 490
481 8260 600 6520 600 7265 590 7293 600 7865 600 8167 600 8267 600 5542 600 5626 580 7717 600 7817 149
482 8923 600 8947 143
483 6338 590 6373 580 6571 580 8096 600 8518 600 5671 580 5713 600 6553 600 6969 580 7919 437
484 2090 600 2172 592 2366 406
485 6192 600 5512 600 6155 100 6082 580 6183 590 6306 590 6094 421
486 9648 128
487 6307 600 5577 600 5721 132 6903 590 6780 600 5892 362 6006 386 6047 580 6391 600 5919 580 7104 600 5903 590 6713 28
488 2556 600 2221 183
489 6602 590 5318 600 7686 580 8302 590 8395 600 8457 580 5703 580 6771 580 6902 600 8259 600 8418 600 6241 600 6937 351
490 8746 358
491 8048 600 8942 285 8298 600 8391 580 8626 600 9193 196 8207 600 8379 600 8811 600 8844 600 7883 590 7732 600 8814 6
492 5550 580 5792 580 5700 590 5698 590 5848 590 5591 59
493 8605 600 8555 600 8705 600 9020 39
494 59 600 68 580 70 580 91 580 74 486
495 7476 600 6578 600 7236 246
496 5816 600 5830 600 5649 438
497 6409 600 6519 600 6194 580 6180 580 6046 590 6446 590 5802 2
498 6318 580 6516 600 7175 590 6480 590 6691 590 6750 600 7134 521 5983 587
499 9519 256
500 5920 226
501 9029 600 9399 600 9533 600 8800 600 8882 593 8617 283
502 9390 86
503 8412 600 8614 600 8331 178
504 8980 600 9307 600 9397 600 7349 64
505 9206 600 9255 600 9078 274
506 9193 404
507 6737 600 6974 600 9108 600 9498 600 8350 590 8481 600 9124 590 9162 600 9489 600 6275 86
508 8424 600 8400 384
509 7204 590 7394 600 9584 600 5857 600 6472 600 6757 590 8292 600 5753 491 6434 153
510 8979 600 8991 600 8895 484 8826 600 9000 429 8850 600 8866 600 8918 600 8818 236 8899 107
511 8526 600 8992 375
512 8479 528 8508 600 8477 498
513 9274 413 6814 590 8039 354
514 9269 600 9065 123
515 8754 600 8828 389
516 8650 495 8436 600 8456 600 8509 522 8427 600 8615 600 8322 600 8138 251
517 5927 571
518 9371 207
519 8498 600 7512 600 7890 600 7903 600 6885 65
520 8771 600 8482 458
521 5942 600 5955 461 5996 580 6394 600 6331 600 5733 581 5734 140
522 8667 600 8855 517
523 5397 600 5494 590 6064 14
524 7998 590 6861 590 8367 600 8378 600 5561 590 5677 600 6418 580 7186 600 5740 600 6195 580 5485 580 5879 115
525 9672 600 9334 448 9586 600 9231 600 9642 600 9079 600 9406 600 7159 559
526 6065 600 6027 600 5938 580 6055 600 6024 577
527 5772 600 5726 600 6093 600 5892 238
528 9038 445
529 6211 600 5521 580 6385 600 5602 535
530 8540 347
531 9415 600 9126 600 9171 600 9274 187
532 8653 600 8646 600 8709 37
533 9251 379
534 9052 600 8745 398
535 9479 600 9167 131
536 7005 600 6664 173
537 5831 600 5793 600 5601 134
538 7526 480
539 9258 590 6190 580 6855 600 5756 580 6207 600 6219 580 6538 600 6626 580 7643 600 8148 542
540 6983 600 7585 416
541 7945 600 8229 214
542 6212 600 6710 590 6366 600 6887 600 6233 498
543 8903 446
544 2073 590 2547 313
545 8158 600 7966 600 8404 600 7751 310
546 47 580 61 600 99 580 56 580 86 580 85 600 90 590 103 109
547 6126 600 6437 600 6139 41
548 9189 600 9152 525
549 9987 14
550 6461 600 6471 600 6479 600 6483 102
551 7026 114
552 6243 580 6240 600 6523 600 6376 600 6545 600 6533 600 6163 590 6381 564 5669 493
553 9237 600 9177 460
554 8703 403 9044 159
555 6360 27
556 8797 600 8862 600 9021 4
557 2567 146
558 9262 11
559 9076 600 8986 276 8856 600 9061 600 9017 185 9099 27
560 6588 600 8665 67
561 8258 600 6725 600 6927 600 7013 600 7343 600 8012 600 6586 590 7311 600 8170 590 6492 74
562 7550 600 7583 600 7635 600 6583 600 6764 495
563 8521 600 9036 197
564 6131 600 6151 551 6528 600 6263 600 6363 600 6609 600 6315 244
565 6444 600 6342 600 6481 600 6416 600 6439 600 6305 268
566 8345 600 8610 600 8415 600 8323 600 8454 600 8533 600 8343 452
567 6035 197
568 8962 600 9062 600 9131 600 8519 600 9046 600 8668 600 9352 529
569 9180 600 9137 600 8931 600 9437 600 9454 600 9053 600 9084 171 8283 590 8355 600 9422 20
570 9226 600 9202 150
571 6238 442 5821 383
572 2414 580 2943 590 2436 580 2173 341
573 6115 600 5873 600 5913 61
574 9084 429
575 5696 600 5990 600 5679 600 5998 600 6261 481
576 8908 271
577 6654 590 8724 600 9055 600 6694 580 7542 288
578 7824 600 7652 600 8272 600 7908 600 6317 600 6381 36
579 9422 580 8702 600 6404 580 8025 580 6589 580 7227 590 7849 499 7877 600 8066 590 8157 600 8421 56
580 8853 600 8711 600 9323 600 9387 396 9291 204
581 8833 600 8701 116
582 8103 600 7502 600 7810 200
583 9509 102
584 5442 600 6402 600 7271 12
585 6544 600 6629 580 6738 600 5849 319 5437 580 6420 86
586 6454 600 6267 590 6332 600 6007 432
587 8912 600 8786 570 8805 600 8919 551 8185 600 8781 333
588 6200 137
589 9789 103
590 6073 600 6206 27
591 8898 600 6673 600 8798 600 9483 600 8462 201
592 9574 52
593 6534 590 6778 590 6781 580 7941 600 5594 590 6164 590 6174 600 6909 600 7909 600 5694 580 6045 453
594 6539 600 6505 600 6512 412
595 9991 1
596 6568 600 6566 551
597 9103 600 8983 600 9025 356
598 9151 426 9228 519
599 6388 590 6726 600 7292 590 8119 590 5940 580 6128 600 6399 600 8570 52
600 5769 600 5738 580 5663 590 5622 308
601 6781 10
602 5901 10
603 6327 10
604 6099 10
605 5201 10
606 6348 10
607 8622 10
608 6717 10
609 5228 10
610 5656 10
611 6752 10
612 8130 10
613 5482 10
614 5642 10
615 5550 10
616 8929 10
617 439 10
618 9264 10
619 7561 10
620 2633 10
621 5678 10
622 255 10
623 5852 10
624 6293 10
625 439 10
626 223 10
627 2151 10
628 6573 10
629 8391 10
630 5205 10
631 5423 10
632 5650 10
633 151 10
634 5967 10
635 9150 10
636 5956 10
637 5440 10
638 2459 10
639 5628 10
640 6452 10
641 6691 10
642 2484 10
643 6388 10
644 5743 10
645 6589 10
646 6522 10
647 6424 10
648 7300 10
649 5513 10
650 4965 10
651 6784 10
652 5731 10
653 5583 10
654 5783 10
655 6525 10
656 6082 10
657 6235 10
658 6047 10
659 7010 10
660 6250 10
661 7787 10
662 7216 10
663 5600 10
664 2276 10
665 2260 10
666 5932 10
667 551 10
668 242 10
669 6417 10
670 7788 10
671 9014 10
672 2364 10
673 7266 10
674 5067 10
675 6947 10
676 7247 10
677 9050 10
678 604 10
679 5652 10
680 4987 10
681 8447 10
682 20 10
683 2265 10
684 5890 10
685 8276 10
686 6084 10
687 8451 10
688 8373 10
689 8286 10
690 6148 10
691 2339 10
692 5967 10
693 8360 10
694 5351 10
695 9364 10
696 182 10
697 6132 10
698 8457 10
699 2528 10
700 6369 10
701 8545 10
702 6829 10
703 6561 10
704 2405 10
705 7135 10
706 5591 10
707 20 10
708 2265 10
709 6119 10
710 6736 10
711 6312 10
712 728 10
713 6585 10
714 5919 10
715 5179 10
716 7905 10
717 5615 10
718 95 10
719 8393 10
720 6337 10
721 2344 10
722 5738 10
723 5595 10
724 6793 10
725 5973 10
726 6410 10
727 89 10
728 5583 10
729 8697 10
730 348 10
731 6867 10
732 967 10
733 7383 10
734 8233 10
735 9190 10
736 65 10
737 8192 10
738 5952 10
739 5840 10
740 147 10
741 68 10
742 46 10
743 5532 10
744 2547 10
745 7352 10
746 5433 10
747 6054 10
748 5826 10
749 8066 10
750 8007 10
751 5641 10
752 6030 10
753 6451 10
754 5363 10
755 8790 10
756 5771 10
757 5898 10
758 6981 10
759 6972 10
760 7358 10
761 7735 10
762 6285 10
763 5441 10
764 32 10
765 2452 10
766 5482 10
767 9516 10
768 6370 10
769 9411 10
770 5915 10
771 5351 10
772 6509 10
773 6559 10
774 8959 10
775 5478 10
776 252 10
777 5543 10
778 5809 10
779 5883 10
780 5084 10
781 6175 10
782 236 10
783 5669 10
784 156 10
785 1109 10
786 6694 10
787 6819 10
788 5123 10
789 6793 10
790 5862 10
791 229 10
792 9297 10
793 5012 10
794 6859 10
795 5748 10
796 6419 10
797 6464 10
798 57 10
799 628 10
800 6718 10
801 8219 10
802 809 10
803 5958 10
804 8327 10
805 7292 10
806 6914 10
807 5095 10
808 8580 10
809 58 10
810 6249 10
811 653 10
812 5771 10
813 8458 10
814 6829 10
815 482 10
816 5776 10
817 6232 10
818 2091 10
819 5348 10
820 2099 10
821 5431 10
822 5556 10
823 5377 10
824 6080 10
825 6423 10
826 6345 10
827 2344 10
828 6600 10
829 6142 10
830 6627 10
831 6413 10
832 5714 10
833 5823 10
834 4987 10
835 6591 10
836 6885 10
837 6579 10
838 5940 10
839 248 10
840 5352 10
841 6938 10
842 171 10
843 6624 10
844 5539 10
845 8973 10
846 5175 10
847 6635 10
848 6961 10
849 6351 10
850 8515 10
851 6 10
852 6720 10
853 736 10
854 8486 10
855 6742 10
856 6572 10
857 6739 10
858 6312 10
859 20 10
860 6168 10
861 9391 10
862 5493 10
863 5543 10
864 278 10
865 9732 10
866 5775 10
867 5802 10
868 5839 10
869 5890 10
870 5391 10
871 5781 10
872 2439 10
873 5975 10
874 5650 10
875 7542 10
876 6870 10
877 2588 10
878 5936 10
879 5869 10
880 2633 10
881 6556 10
882 5915 10
883 7125 10
884 6810 10
885 7921 10
886 5880 10
887 796 10
888 6779 10
889 7392 10
890 6938 10
891 9462 10
892 6208 10
893 7414 10
894 5424 10
895 6742 10
896 5596 10
897 659 10
898 8233 10
899 6289 10
900 6610 10
901 5921 10
902 5379 10
903 5175 10
904 8303 10
905 6835 10
906 6247 10
907 8411 10
908 5864 10
909 2503 10
910 2073 10
911 2407 10
912 7181 10
913 2588 10
914 553 10
915 5377 10
916 5761 10
917 5548 10
918 8414 10
919 5437 10
920 8327 10
921 5648 10
922 7716 10
923 7496 10
924 5937 10
925 46 10
926 170 10
927 8773 10
928 6497 10
929 8904 10
930 6825 10
931 5368 10
932 6674 10
933 7383 10
934 2810 10
935 25 10
936 8565 10
937 5416 10
938 326 10
939 5476 10
940 5203 10
941 5802 10
942 5868 10
943 282 10
944 2452 10
945 7591 10
946 6618 10
947 6680 10
948 7543 10
949 5410 10
950 7998 10
951 4997 10
952 5194 10
953 5368 10
954 101 10
955 5989 10
956 8130 10
957 6220 10
958 113 10
959 2134 10
960 749 10
961 5605 10
962 9504 10
963 6452 10
964 5217 10
965 5989 10
966 5410 10
967 14 10
968 415 10
969 5605 10
970 6494 10
971 6842 10
972 5956 10
973 6222 10
974 6586 10
975 93 10
976 6076 10
977 2364 10
978 6597 10
979 5973 10
980 7886 10
981 8253 10
982 5059 10
983 6186 10
984 7765 10
985 14 10
986 5844 10
987 8480 10
988 659 10
989 475 10
990 5981 10
991 385 10
992 5223 10
993 6755 10
994 5607 10
995 6413 10
996 6247 10
997 5417 10
998 5761 10
999 8276 10
1000 6967 10
1001 28 10
1002 8426 10
1003 8020 10
1004 8640 10
1005 6778 10
1006 1109 10
1007 5183 10
1008 9299 10
1009 8536 10
1010 6371 10
1011 7075 10
1012 7799 10
1013 5984 10
1014 8405 10
1015 7196 10
1016 6618 10
1017 7291 10
1018 6372 10
1019 5481 10
1020 7055 10
1021 5644 10
1022 5607 10
1023 6215 10
1024 6707 10
1025 5549 10
1026 6145 10
1027 7459 10
1028 5196 10
1029 8147 10
1030 6846 10
1031 8007 10
1032 7204 10
1033 80 10
1034 6419 10
1035 6735 10
1036 6977 10
1037 2423 10
1038 6530 10
1039 9370 10
1040 5734 10
1041 7808 10
1042 6788 10
1043 7111 10
1044 2436 10
1045 8381 10
1046 5001 10
1047 8263 10
1048 5818 10
1049 6478 10
1050 98 10
1051 5680 10
1052 5170 10
1053 5931 10
1054 6145 10
1055 5491 10
1056 2287 10
1057 9056 10
1058 6631 10
1059 2288 10
1060 5170 10
1061 5996 10
1062 6406 10
1063 6800 10
1064 9458 10
1065 6036 10
1066 8446 10
1067 8484 10
1068 5223 10
1069 2124 10
1070 5633 10
1071 9098 10
1072 222 10
1073 7918 10
1074 7735 10
1075 8590 10
1076 348 10
1077 271 10
1078 7265 10
1079 5980 10
1080 6739 10
1081 7686 10
1082 309 10
1083 5792 10
1084 8311 10
1085 180 10
1086 6552 10
1087 247 10
1088 2039 10
1089 829 10
1090 6784 10
1091 6755 10
1092 30 10
1093 728 10
1094 6567 10
1095 6561 10
1096 6323 10
1097 8524 10
1098 5976 10
1099 2276 10
1100 389 10
1101 6606 10
1102 7406 10
1103 5669 10
1104 6573 10
1105 2099 10
1106 8405 10
1107 103 10
1108 5044 10
1109 6375 10
1110 7360 10
1111 93 10
1112 7346 10
1113 2299 10
1114 6478 10
1115 6264 10
1116 6646 10
1117 102 10
1118 8416 10
1119 6257 10
1120 6463 10
1121 117 10
1122 45 10
1123 8784 10
1124 6484 10
1125 2244 10
1126 2609 10
1127 5810 10
1128 1977 10
1129 7811 10
1130 8241 10
1131 6492 10
1132 614 10
1133 9338 10
1134 5887 10
1135 466 10
1136 8645 10
1137 8373 10
1138 389 10
1139 145 10
1140 9164 10
1141 6210 10
1142 7060 10
1143 6288 10
1144 32 10
1145 5101 10
1146 8302 10
1147 2544 10
1148 23 10
1149 6286 10
1150 7542 10
1151 6876 10
1152 7175 10
1153 2588 10
1154 475 10
1155 5809 10
1156 1000 10
1157 6249 10
1158 6708 10
1159 4940 10
1160 9370 10
1161 2858 10
1162 2457 10
1163 9354 10
1164 6311 10
1165 6771 10
1166 6893 10
1167 6643 10
1168 6187 10
1169 948 10
1170 6808 10
1171 5597 10
1172 7957 10
1173 91 10
1174 6524 10
1175 5650 10
1176 6615 10
1177 6906 10
1178 6424 10
1179 8920 10
1180 5968 10
1181 5663 10
1182 7058 10
1183 6470 10
1184 5806 10
1185 6031 10
1186 6629 10
1187 9127 10
1188 5573 10
1189 5138 10
1190 6142 10
1191 9279 10
1192 7883 10
1193 2757 10
1194 5276 10
1195 5520 10
1196 8318 10
1197 6502 10
1198 252 10
1199 5703 10
1200 7986 10
1201 6680 10
1202 648 10
1203 67 10
1204 5666 10
1205 6000 10
1206 6731 10
1207 8189 10
1208 5440 10
1209 6771 10
1210 5505 10
1211 163 10
1212 6164 10
1213 9167 10
1214 8288 10
1215 6254 10
1216 6480 10
1217 271 10
1218 7716 10
1219 5651 10
1220 6318 10
1221 463 10
1222 8122 10
1223 9638 10
1224 5845 10
1225 6179 10
1226 5775 10
1227 482 10
1228 8027 10
1229 6708 10
1230 6180 10
1231 7837 10
1232 46 10
1233 5836 10
1234 5968 10
1235 458 10
1236 7337 10
1237 9648 10
1238 9361 10
1239 9081 10
1240 8317 10
1241 5575 10
1242 6166 10
1243 5352 10
1244 482 10
1245 180 10
1246 5985 10
1247 6796 10
1248 2436 10
1249 515 10
1250 8511 10
1251 2372 10
1252 84 10
1253 8820 10
1254 8760 10
1255 5738 10
1256 2134 10
1257 6043 10
1258 2439 10
1259 9098 10
1260 8329 10
1261 6124 10
1262 8971 10
1263 5792 10
1264 6640 10
1265 6062 10
1266 2153 10
1267 8020 10
1268 6626 10
1269 6349 10
1270 9343 10
1271 5309 10
1272 5056 10
1273 6524 10
1274 2344 10
1275 5909 10
1276 2540 10
1277 5587 10
1278 6329 10
1279 8546 10
1280 6449 10
1281 150 10
1282 6648 10
1283 5856 10
1284 5728 10
1285 6831 10
1286 8543 10
1287 5810 10
1288 5623 10
1289 7111 10
1290 5637 10
1291 6369 10
1292 6251 10
1293 2544 10
1294 6603 10
1295 6245 10
1296 5621 10
1297 6718 10
1298 7876 10
1299 6243 10
1300 6414 10
1301 5646 10
1302 6817 10
1303 2542 10
1304 6075 10
1305 6559 10
1306 5776 10
1307 8549 10
1308 6427 10
1309 6742 10
1310 8023 10
1311 68 10
1312 9504 10
1313 8542 10
1314 156 10
1315 6859 10
1316 8241 10
1317 2372 10
1318 728 10
1319 6571 10
1320 122 10
1321 948 10
1322 440 10
1323 8125 10
1324 229 10
1325 5626 10
1326 8203 10
1327 7350 10
1328 89 10
1329 8 10
1330 6772 10
1331 349 10
1332 2452 10
1333 829 10
1334 73 10
1335 6947 10
1336 6167 10
1337 8790 10
1338 8 10
1339 5694 10
1340 5952 10
1341 8014 10
1342 5093 10
1343 5072 10
1344 93 10
1345 5452 10
1346 6857 10
1347 7266 10
1348 6829 10
1349 8570 10
1350 6688 10
1351 8109 10
1352 6521 10
1353 6846 10
1354 6497 10
1355 5286 10
1356 6080 10
1357 2884 10
1358 6732 10
1359 764 10
1360 8402 10
1361 5478 10
1362 5487 10
1363 8463 10
1364 5719 10
1365 909 10
1366 778 10
1367 6732 10
1368 6631 10
1369 6903 10
1370 1977 10
1371 9767 10
1372 5743 10
1373 6288 10
1374 929 10
1375 6606 10
1376 9670 10
1377 6961 10
1378 6935 10
1379 1968 10
1380 314 10
1381 2714 10
1382 5715 10
1383 6451 10
1384 8020 10
1385 6404 10
1386 5478 10
1387 5832 10
1388 8061 10
1389 8189 10
1390 6710 10
1391 6168 10
1392 2388 10
1393 9150 10
1394 8192 10
1395 5924 10
1396 7434 10
1397 723 10
1398 5937 10
1399 6622 10
1400 5695 10
1401 6288 10
1402 8604 10
1403 2738 10
1404 73 10
1405 8231 10
1406 8025 10
1407 8360 10
1408 8468 10
1409 5340 10
1410 5519 10
1411 2943 10
1412 5448 10
1413 6228 10
1414 2776 10
1415 8277 10
1416 5485 10
1417 7716 10
1418 6836 10
1419 7191 10
1420 2484 10
1421 6456 10
1422 117 10
1423 5614 10
1424 823 10
1425 7971 10
1426 6775 10
1427 2884 10
1428 6285 10
1429 255 10
1430 9284 10
1431 7376 10
1432 5615 10
1433 6436 10
1434 7406 10
1435 6047 10
1436 2339 10
1437 8303 10
1438 2260 10
1439 8283 10
1440 2407 10
1441 6457 10
1442 6030 10
1443 873 10
1444 6179 10
1445 6977 10
1446 5352 10
1447 9190 10
1448 6694 10
1449 71 10
1450 684 10
1451 103 10
1452 5600 10
1453 2359 10
1454 282 10
1455 6816 10
1456 5019 10
1457 2091 10
1458 6814 10
1459 7125 10
1460 2226 10
1461 5714 10
1462 5286 10
1463 99 10
1464 7299 10
1465 5666 10
1466 561 10
1467 5652 10
1468 204 10
1469 6732 10
1470 5520 10
1471 8031 10
1472 968 10
1473 9354 10
1474 808 10
1475 929 10
1476 5417 10
1477 7160 10
1478 6169 10
1479 5822 10
1480 6494 10
1481 6947 10
1482 6951 10
1483 7582 10
1484 5492 10
1485 5448 10
1486 523 10
1487 6418 10
1488 5852 10
1489 7978 10
1490 6645 10
1491 1185 10
1492 6380 10
1493 8371 10
1494 8252 10
1495 8411 10
1496 5806 10
1497 167 10
1498 6113 10
1499 5633 10
1500 2501 10
1501 2800 10
1502 545 10
1503 7943 10
1504 6175 10
1505 6817 10
1506 6313 10
1507 7060 10
1508 6596 10
1509 6616 10
1510 6080 10
1511 6781 10
1512 6678 10
1513 7271 10
1514 6810 10
1515 6625 10
1516 6796 10
1517 7971 10
1518 8155 10
1519 877 10
1520 6195 10
1521 5151 10
1522 8507 10
1523 5176 10
1524 6869 10
1525 5410 10
1526 6613 10
1527 8393 10
1528 6961 10
1529 8293 10
1530 8387 10
1531 22 10
1532 6180 10
1533 6646 10
1534 6561 10
1535 5454 10
1536 5454 10
1537 869 10
1538 7196 10
1539 6883 10
1540 7616 10
1541 5856 10
1542 2124 10
1543 5481 10
1544 136 10
1545 8049 10
1546 23 10
1547 5844 10
1548 5984 10
1549 5124 10
1550 6448 10
1551 7350 10
1552 553 10
1553 6446 10
1554 5412 10
1555 9424 10
1556 5678 10
1557 8885 10
1558 440 10
1559 8408 10
1560 5377 10
1561 7957 10
1562 504 10
1563 8271 10
1564 8782 10
1565 2276 10
1566 9284 10
1567 5505 10
1568 8129 10
1569 2542 10
1570 2459 10
1571 392 10
1572 8542 10
1573 5973 10
1574 247 10
1575 7282 10
1576 2486 10
1577 8354 10
1578 9380 10
1579 8419 10
1580 2299 10
1581 5340 10
1582 872 10
1583 8176 10
1584 6318 10
1585 6389 10
1586 8974 10
1587 7434 10
1588 5493 10
1589 6662 10
1590 5771 10
1591 5869 10
1592 5417 10
1593 182 10
1594 6351 10
1595 65 10
1596 5602 10
1597 6168 10
1598 5138 10
1599 5084 10
1600 6900 10
1601 248 10
1602 6977 10
1603 5548 10
1604 6769 10
1605 6422 10
1606 9583 10
1607 6675 10
1608 5348 10
1609 2151 10
1610 2503 10
1611 102 10
1612 6026 10
1613 5961 10
1614 6800 10
1615 6683 10
1616 5869 10
1617 2352 10
1618 5924 10
1619 5087 10
1620 770 10
1621 5379 10
1622 415 10
1623 2084 10
1624 9528 10
1625 7003 10
1626 6264 10
1627 6352 10
1628 5931 10
1629 784 10
1630 6205 10
1631 164 10
1632 8253 10
1633 723 10
1634 2481 10
1635 7177 10
1636 5694 10
1637 6475 10
1638 8910 10
1639 6967 10
1640 7370 10
1641 5881 10
1642 5686 10
1643 6857 10
1644 6389 10
1645 6494 10
1646 2353 10
1647 8910 10
1648 5594 10
1649 162 10
1650 2611 10
1651 6103 10
1652 5634 10
1653 2486 10
1654 5492 10
1655 515 10
1656 5234 10
1657 6981 10
1658 321 10
1659 5431 10
1660 5884 10
1661 2359 10
1662 7499 10
1663 5590 10
1664 5851 10
1665 6406 10
1666 6222 10
1667 5129 10
1668 646 10
1669 2313 10
1670 5645 10
1671 9066 10
1672 5519 10
1673 2016 10
1674 2416 10
1675 6906 10
1676 2164 10
1677 6622 10
1678 739 10
1679 7008 10
1680 6642 10
1681 5176 10
1682 6108 10
1683 278 10
1684 5680 10
1685 6158 10
1686 8409 10
1687 8030 10
1688 6570 10
1689 5101 10
1690 8511 10
1691 8233 10
1692 7264 10
1693 6584 10
1694 6161 10
1695 6060 10
1696 2734 10
1697 6210 10
1698 6682 10
1699 2407 10
1700 6106 10
1701 6641 10
1702 776 10
1703 4994 10
1704 23 10
1705 6769 10
1706 6603 10
1707 8277 10
1708 6147 10
1709 2151 10
1710 8129 10
1711 12 10
1712 164 10
1713 652 10
1714 5992 10
1715 5932 10
1716 2754 10
1717 6016 10
1718 6595 10
1719 5985 10
1720 523 10
1721 5217 10
1722 8183 10
1723 5516 10
1724 6686 10
1725 776 10
1726 7490 10
1727 6631 10
1728 97 10
1729 778 10
1730 2299 10
1731 6491 10
1732 6346 10
1733 2476 10
1734 6779 10
1735 6406 10
1736 67 10
1737 9098 10
1738 6861 10
1739 6603 10
1740 6860 10
1741 8243 10
1742 7414 10
1743 6704 10
1744 5762 10
1745 5919 10
1746 6945 10
1747 6285 10
1748 5901 10
1749 362 10
1750 2084 10
1751 248 10
1752 8 10
1753 7799 10
1754 2439 10
1755 84 10
1756 6787 10
1757 5520 10
1758 7059 10
1759 8896 10
1760 8808 10
1761 8219 10
1762 6712 10
1763 2429 10
1764 5587 10
1765 6404 10
1766 2313 10
1767 5059 10
1768 216 10
1769 701 10
1770 6935 10
1771 105 10
1772 7060 10
1773 163 10
1774 8548 10
1775 9044 10
1776 665 10
1777 5276 10
1778 6660 10
1779 8819 10
1780 7847 10
1781 7358 10
1782 8136 10
1783 8458 10
1784 2283 10
1785 5325 10
1786 5513 10
1787 882 10
1788 5809 10
1789 6354 10
1790 19 10
1791 7406 10
1792 478 10
1793 5424 10
1794 9172 10
1795 5645 10
1796 6529 10
1797 2714 10
1798 646 10
1799 6419 10
1800 7918 10
1801 5671 10
1802 91 10
1803 5952 10
1804 5351 10
1805 8548 10
1806 9670 10
1807 86 10
1808 5527 10
1809 2388 10
1810 244 10
1811 7556 10
1812 5285 10
1813 7143 10
1814 6502 10
1815 8738 10
1816 5523 10
1817 5965 10
1818 6111 10
1819 9037 10
1820 6184 10
1821 5491 10
1822 6004 10
1823 2474 10
1824 2625 10
1825 97 10
1826 5868 10
1827 6098 10
1828 5570 10
1829 6281 10
1830 6156 10
1831 6351 10
1832 6570 10
1833 5940 10
1834 6622 10
1835 113 10
1836 98 10
1837 8148 10
1838 5311 10
1839 504 10
1840 7787 10
1841 7847 10
1842 6190 10
1843 6752 10
1844 6187 10
1845 5884 10
1846 7876 10
1847 2656 10
1848 6721 10
1849 5945 10
1850 8549 10
1851 200 10
1852 7392 10
1853 8014 10
1854 5126 10
1855 6321 10
1856 5704 10
1857 7765 10
1858 9341 10
1859 7052 10
1860 90 10
1861 5391 10
1862 652 10
1863 6138 10
1864 5279 10
1865 5716 10
1866 8405 10
1867 6222 10
1868 7811 10
1869 5686 10
1870 646 10
1871 9478 10
1872 7349 10
1873 2528 10
1874 6712 10
1875 5610 10
1876 7125 10
1877 6067 10
1878 5199 10
1879 629 10
1880 5223 10
1881 113 10
1882 2656 10
1883 6984 10
1884 5311 10
1885 6876 10
1886 7799 10
1887 6284 10
1888 723 10
1889 5937 10
1890 6625 10
1891 5363 10
1892 7191 10
1893 56 10
1894 6591 10
1895 389 10
1896 5896 10
1897 6652 10
1898 652 10
1899 764 10
1900 6836 10
1901 2782 10
1902 5533 10
1903 5515 10
1904 99 10
1905 7240 10
1906 6596 10
1907 6054 10
1908 478 10
1909 8666 10
1910 128 10
1911 65 10
1912 7326 10
1913 2226 10
1914 8350 10
1915 7008 10
1916 5931 10
1917 2858 10
1918 8505 10
1919 5925 10
1920 8505 10
1921 208 10
1922 665 10
1923 6284 10
1924 2414 10
1925 6359 10
1926 1985 10
1927 8279 10
1928 2197 10
1929 268 10
1930 6359 10
1931 5839 10
1932 376 10
1933 7358 10
1934 6198 10
1935 243 10
1936 8219 10
1937 6142 10
1938 6 10
1939 6831 10
1940 8689 10
1941 5961 10
1942 5203 10
1943 5699 10
1944 6254 10
1945 145 10
1946 484 10
1947 8784 10
1948 5884 10
1949 9273 10
1950 2757 10
1951 6220 10
1952 6448 10
1953 321 10
1954 7300 10
1955 9767 10
1956 635 10
1957 5610 10
1958 9097 10
1959 5494 10
1960 204 10
1961 8416 10
1962 5985 10
1963 6210 10
1964 489 10
1965 8288 10
1966 6883 10
1967 8925 10
1968 5886 10
1969 9124 10
1970 8025 10
1971 701 10
1972 1012 10
1973 9474 10
1974 8536 10
1975 5367 10
1976 6817 10
1977 5654 10
1978 5323 10
1979 6429 10
1980 5625 10
1981 5412 10
1982 8270 10
1983 170 10
1984 7728 10
1985 5450 10
1986 5980 10
1987 164 10
1988 6869 10
1989 6685 10
1990 2125 10
1991 9243 10
1992 523 10
1993 5126 10
1994 5574 10
1995 2688 10
1996 6176 10
1997 7352 10
1998 6487 10
1999 9104 10
2000 5301 10
2001 8200 10
2002 7376 10
2003 6031 10
2004 22 10
2005 5752 10
2006 6482 10
2007 5286 10
2008 5644 10
2009 6649 10
2010 6303 10
2011 5615 10
2012 2457 10
2013 600 10
2014 5453 10
2015 1984 10
2016 5570 10
2017 8447 10
2018 6677 10
2019 6286 10
2020 648 10
2021 6001 10
2022 635 10
2023 6158 10
2024 57 10
2025 5539 10
2026 6035 10
2027 184 10
2028 6786 10
2029 5607 10
2030 263 10
2031 6524 10
2032 7026 10
2033 5698 10
2034 57 10
2035 7189 10
2036 6721 10
2037 600 10
2038 6845 10
2039 491 10
2040 2695 10
2041 5687 10
2042 7240 10
2043 163 10
2044 5596 10
2045 552 10
2046 7247 10
2047 6718 10
2048 2358 10
2049 200 10
2050 6018 10
2051 5201 10
2052 5453 10
2053 6235 10
2054 5646 10
2055 6016 10
2056 5643 10
2057 7115 10
2058 8058 10
2059 5585 10
2060 5601 10
2061 208 10
2062 5699 10
2063 47 10
2064 599 10
2065 5768 10
2066 5922 10
2067 5379 10
2068 392 10
2069 5412 10
2070 8027 10
2071 8278 10
2072 6654 10
2073 89 10
2074 6003 10
2075 6187 10
2076 5093 10
2077 7787 10
2078 5752 10
2079 5329 10
2080 47 10
2081 6205 10
2082 5836 10
2083 98 10
2084 8391 10
2085 5431 10
2086 8306 10
2087 5234 10
2088 8752 10
2089 5452 10
2090 5823 10
2091 8604 10
2092 6591 10
2093 6567 10
2094 6600 10
2095 6095 10
2096 7072 10
2097 6475 10
2098 872 10
2099 5416 10
2100 6572 10
2101 8390 10
2102 6597 10
2103 5926 10
2104 6736 10
2105 5702 10
2106 5643 10
2107 2244 10
2108 6554 10
2109 147 10
2110 7247 10
2111 6670 10
2112 6431 10
2113 8411 10
2114 5712 10
2115 184 10
2116 7227 10
2117 2134 10
2118 5864 10
2119 6585 10
2120 2153 10
2121 223 10
2122 1984 10
2123 6412 10
2124 200 10
2125 6163 10
2126 5835 10
2127 8327 10
2128 7240 10
2129 6755 10
2130 8014 10
2131 8999 10
2132 2800 10
2133 5644 10
2134 9635 10
2135 8190 10
2136 5001 10
2137 6876 10
2138 6707 10
2139 511 10
2140 282 10
2141 313 10
2142 6423 10
2143 8113 10
2144 515 10
2145 5938 10
2146 18 10
2147 5756 10
2148 5832 10
2149 5965 10
2150 6303 10
2151 6570 10
2152 6840 10
2153 6787 10
2154 5845 10
2155 95 10
2156 2632 10
2157 6147 10
2158 6371 10
2159 6190 10
2160 7370 10
2161 309 10
2162 6645 10
2163 6683 10
2164 7450 10
2165 9299 10
2166 7070 10
2167 5276 10
2168 8621 10
2169 2626 10
2170 6198 10
2171 9614 10
2172 6436 10
2173 5654 10
2174 5199 10
2175 8885 10
2176 948 10
2177 778 10
2178 6195 10
2179 6569 10
2180 7236 10
2181 6685 10
2182 5208 10
2183 521 10
2184 5932 10
2185 2164 10
2186 7075 10
2187 265 10
2188 7075 10
2189 7087 10
2190 5561 10
2191 551 10
2192 6573 10
2193 2800 10
2194 9644 10
2195 6293 10
2196 9424 10
2197 7496 10
2198 9279 10
2199 557 10
2200 9142 10
2201 5159 10
2202 8666 10
2203 156 10
2204 5887 10
2205 6775 10
2206 8779 10
2207 5454 10
2208 2313 10
2209 6456 10
2210 92 10
2211 2647 10
2212 56 10
2213 8824 10
2214 5742 10
2215 545 10
2216 7921 10
2217 711 10
2218 6678 10
2219 6095 10
2220 5856 10
2221 6369 10
2222 5570 10
2223 7337 10
2224 9164 10
2225 6682 10
2226 5651 10
2227 6337 10
2228 6608 10
2229 14 10
2230 5992 10
2231 809 10
2232 584 10
2233 5521 10
2234 2547 10
2235 7414 10
2236 86 10
2237 6132 10
2238 5059 10
2239 6698 10
2240 5648 10
2241 635 10
2242 8356 10
2243 2427 10
2244 167 10
2245 6579 10
2246 9364 10
2247 5539 10
2248 5810 10
2249 5732 10
2250 2833 10
2251 7216 10
2252 9245 10
2253 11 10
2254 6417 10
2255 8914 10
2256 2288 10
2257 5514 10
2258 6607 10
2259 6183 10
2260 5597 10
2261 5768 10
2262 5702 10
2263 321 10
2264 511 10
2265 9471 10
2266 5521 10
2267 6929 10
2268 2810 10
2269 6498 10
2270 6162 10
2271 8122 10
2272 5959 10
2273 6215 10
2274 6458 10
2275 6348 10
2276 5633 10
2277 6522 10
2278 6018 10
2279 5776 10
2280 5984 10
2281 5848 10
2282 6840 10
2283 6189 10
2284 6870 10
2285 5719 10
2286 39 10
2287 5699 10
2288 5285 10
2289 92 10
2290 7018 10
2291 5590 10
2292 5129 10
2293 170 10
2294 6646 10
2295 6928 10
2296 6243 10
2297 6709 10
2298 6678 10
2299 6348 10
2300 5348 10
2301 9196 10
2302 7383 10
2303 2451 10
2304 5896 10
2305 6412 10
2306 5605 10
2307 71 10
2308 8463 10
2309 9254 10
2310 5468 10
2311 6101 10
2312 5903 10
2313 7149 10
2314 8779 10
2315 7921 10
2316 22 10
2317 6464 10
2318 8396 10
2319 5743 10
2320 5660 10
2321 5448 10
2322 6198 10
2323 2414 10
2324 128 10
2325 5646 10
2326 6321 10
2327 6411 10
2328 8908 10
2329 6030 10
2330 6723 10
2331 6215 10
2332 8969 10
2333 6257 10
2334 6890 10
2335 6167 10
2336 242 10
2337 552 10
2338 6816 10
2339 6660 10
2340 2714 10
2341 7053 10
2342 2754 10
2343 349 10
2344 5666 10
2345 8286 10
2346 6043 10
2347 9398 10
2348 6723 10
2349 7785 10
2350 5453 10
2351 504 10
2352 6464 10
2353 7149 10
2354 5840 10
2355 872 10
2356 8145 10
2357 6110 10
2358 8221 10
2359 5468 10
2360 5883 10
2361 5700 10
2362 6970 10
2363 6338 10
2364 7582 10
2365 955 10
2366 5228 10
2367 8393 10
2368 5234 10
2369 6162 10
2370 8145 10
2371 5548 10
2372 9583 10
2373 9577 10
2374 5452 10
2375 2309 10
2376 6370 10
2377 8263 10
2378 70 10
2379 8914 10
2380 2039 10
2381 5506 10
2382 8288 10
2383 39 10
2384 6113 10
2385 6360 10
2386 5671 10
2387 5887 10
2388 8914 10
2389 7242 10
2390 7136 10
2391 764 10
2392 6289 10
2393 8252 10
2394 805 10
2395 6423 10
2396 6857 10
2397 39 10
2398 6769 10
2399 7686 10
2400 6629 10
2401 6935 10
2402 8616 10
2403 133 10
2404 6735 10
2405 8574 10
2406 8049 10
2407 2484 10
2408 5822 10
2409 7094 10
2410 5591 10
2411 6943 10
2412 5476 10
2413 9347 10
2414 8027 10
2415 6291 10
2416 6004 10
2417 6800 10
2418 7149 10
2419 5473 10
2420 6177 10
2421 5680 10
2422 6325 10
2423 5120 10
2424 6859 10
2425 5440 10
2426 5642 10
2427 216 10
2428 6194 10
2429 2609 10
2430 6495 10
2431 6518 10
2432 5549 10
2433 6558 10
2434 5901 10
2435 5752 10
2436 5340 10
2437 5367 10
2438 8354 10
2439 6119 10
2440 5621 10
2441 2310 10
2442 25 10
2443 5571 10
2444 5513 10
2445 9448 10
2446 2754 10
2447 6219 10
2448 9258 10
2449 376 10
2450 6675 10
2451 6106 10
2452 5532 10
2453 5648 10
2454 28 10
2455 7282 10
2456 6004 10
2457 8437 10
2458 8021 10
2459 122 10
2460 9104 10
2461 6969 10
2462 5597 10
2463 5836 10
2464 313 10
2465 6810 10
2466 5067 10
2467 7059 10
2468 6600 10
2469 162 10
2470 8317 10
2471 6267 10
2472 2540 10
2473 6098 10
2474 7543 10
2475 2451 10
2476 8414 10
2477 6846 10
2478 739 10
2479 6062 10
2480 2611 10
2481 8741 10
2482 5822 10
2483 986 10
2484 8278 10
2485 5775 10
2486 5309 10
2487 5968 10
2488 9341 10
2489 8631 10
2490 2474 10
2491 5623 10
2492 7246 10
2493 8170 10
2494 5681 10
2495 5481 10
2496 665 10
2497 216 10
2498 7499 10
2499 122 10
2500 412 10
2501 8466 10
2502 314 10
2503 6303 10
2504 6503 10
2505 659 10
2506 5012 10
2507 171 10
2508 5898 10
2509 38 10
2510 5279 10
2511 7111 10
2512 5718 10
2513 7543 10
2514 5921 10
2515 9632 10
2516 8426 10
2517 8447 10
2518 415 10
2519 6549 10
2520 6571 10
2521 5989 10
2522 6585 10
2523 6284 10
2524 162 10
2525 5728 10
2526 8380 10
2527 6731 10
2528 8907 10
2529 489 10
2530 6362 10
2531 105 10
2532 9732 10
2533 5543 10
2534 8396 10
2535 6543 10
2536 2449 10
2537 7053 10
2538 8306 10
2539 6165 10
2540 6026 10
2541 5556 10
2542 5515 10
2543 6370 10
2544 6026 10
2545 6703 10
2546 8257 10
2547 6530 10
2548 5329 10
2549 5506 10
2550 8739 10
2551 8310 10
2552 6943 10
2553 6373 10
2554 2474 10
2555 8190 10
2556 5433 10
2557 5782 10
2558 6615 10
2559 5906 10
2560 6429 10
2561 8760 10
2562 2372 10
2563 6321 10
2564 6166 10
2565 6819 10
2566 5628 10
2567 6375 10
2568 7811 10
2569 6613 10
2570 6641 10
2571 8122 10
2572 9330 10
2573 2501 10
2574 6457 10
2575 5556 10
2576 7728 10
2577 6413 10
2578 6219 10
2579 2776 10
2580 736 10
2581 5852 10
2582 5712 10
2583 6914 10
2584 6410 10
2585 8318 10
2586 5654 10
2587 5575 10
2588 5279 10
2589 5943 10
2590 6411 10
2591 6945 10
2592 19 10
2593 2153 10
2594 5614 10
2595 6470 10
2596 6645 10
2597 6643 10
2598 6712 10
2599 2647 10
2600 8348 10
2601 131 10
2602 4965 10
2603 6495 10
2604 5550 10
2605 5818 10
2606 6602 10
2607 2220 10
2608 776 10
2609 2197 10
2610 5718 10
2611 2220 10
2612 599 10
2613 2359 10
2614 8598 10
2615 6161 10
2616 7349 10
2617 5731 10
2618 5656 10
2619 5703 10
2620 9361 10
2621 9577 10
2622 5492 10
2623 968 10
2624 6156 10
2625 80 10
2626 6176 10
2627 5032 10
2628 6054 10
2629 6060 10
2630 32 10
2631 6509 10
2632 2260 10
2633 7300 10
2634 684 10
2635 8190 10
2636 8348 10
2637 5482 10
2638 8507 10
2639 2427 10
2640 8308 10
2641 5260 10
2642 6482 10
2643 6666 10
2644 7143 10
2645 770 10
2646 2734 10
2647 8252 10
2648 2368 10
2649 5558 10
2650 6495 10
2651 5862 10
2652 6579 10
2653 6179 10
2654 8061 10
2655 8399 10
2656 8250 10
2657 6745 10
2658 6757 10
2659 2226 10
2660 412 10
2661 5468 10
2662 8468 10
2663 6094 10
2664 6422 10
2665 5719 10
2666 8136 10
2667 5123 10
2668 5634 10
2669 2302 10
2670 5823 10
2671 6626 10
2672 4895 10
2673 2288 10
2674 2633 10
2675 6745 10
2676 392 10
2677 348 10
2678 2936 10
2679 7785 10
2680 5621 10
2681 749 10
2682 2125 10
2683 6418 10
2684 6220 10
2685 511 10
2686 8542 10
2687 929 10
2688 9727 10
2689 6736 10
2690 6281 10
2691 6352 10
2692 8673 10
2693 5151 10
2694 6893 10
2695 5208 10
2696 7556 10
2697 6111 10
2698 5137 10
2699 5883 10
2700 6890 10
2701 6194 10
2702 6615 10
2703 6534 10
2704 7876 10
2705 5845 10
2706 6412 10
2707 5610 10
2708 6502 10
2709 9030 10
2710 2478 10
2711 6358 10
2712 7451 10
2713 7242 10
2714 2283 10
2715 5626 10
2716 6470 10
2717 247 10
2718 5072 10
2719 5479 10
2720 6389 10
2721 6945 10
2722 6518 10
2723 6969 10
2724 5896 10
2725 6943 10
2726 5645 10
2727 8119 10
2728 6674 10
2729 9528 10
2730 9516 10
2731 2625 10
2732 1000 10
2733 9243 10
2734 4994 10
2735 2352 10
2736 28 10
2737 784 10
2738 6599 10
2739 9096 10
2740 8457 10
2741 5485 10
2742 6315 10
2743 489 10
2744 5587 10
2745 9172 10
2746 7242 10
2747 6031 10
2748 9635 10
2749 581 10
2750 6000 10
2751 6819 10
2752 6257 10
2753 320 10
2754 5930 10
2755 7143 10
2756 5260 10
2757 271 10
2758 6883 10
2759 9313 10
2760 5424 10
2761 8238 10
2762 6337 10
2763 6674 10
2764 8364 10
2765 2398 10
2766 7496 10
2767 6247 10
2768 5768 10
2769 6873 10
2770 5044 10
2771 6463 10
2772 5558 10
2773 2544 10
2774 6111 10
2775 2405 10
2776 265 10
2777 5519 10
2778 263 10
2779 5714 10
2780 6840 10
2781 6058 10
2782 6436 10
2783 6046 10
2784 449 10
2785 6429 10
2786 9338 10
2787 8720 10
2788 8969 10
2789 242 10
2790 6375 10
2791 6482 10
2792 12 10
2793 326 10
2794 5205 10
2795 6182 10
2796 6067 10
2797 8523 10
2798 7711 10
2799 6235 10
2800 349 10
2801 8371 10
2802 5311 10
2803 5806 10
2804 2757 10
2805 6576 10
2806 6731 10
2807 8011 10
2808 6982 10
2809 6836 10
2810 6642 10
2811 6652 10
2812 58 10
2813 6599 10
2814 6831 10
2815 5515 10
2816 5623 10
2817 6721 10
2818 5584 10
2819 5590 10
2820 2069 10
2821 7788 10
2822 5628 10
2823 8249 10
2824 6522 10
2825 959 10
2826 309 10
2827 6016 10
2828 6473 10
2829 24 10
2830 8689 10
2831 6970 10
2832 8426 10
2833 6787 10
2834 5138 10
2835 184 10
2836 5864 10
2837 8764 10
2838 5717 10
2839 5651 10
2840 6079 10
2841 8148 10
2842 8782 10
2843 6970 10
2844 5064 10
2845 6349 10
2846 6138 10
2847 8314 10
2848 2542 10
2849 8231 10
2850 5686 10
2851 5487 10
2852 8277 10
2853 7765 10
2854 9002 10
2855 38 10
2856 6000 10
2857 449 10
2858 6842 10
2859 2486 10
2860 557 10
2861 6683 10
2862 9341 10
2863 6497 10
2864 4997 10
2865 6558 10
2866 6635 10
2867 19 10
2868 38 10
2869 6457 10
2870 7988 10
2871 7837 10
2872 6076 10
2873 5641 10
2874 7266 10
2875 2358 10
2876 5614 10
2877 1976 10
2878 6249 10
2879 8784 10
2880 5881 10
2881 12 10
2882 5549 10
2883 6422 10
2884 2501 10
2885 7711 10
2886 8921 10
2887 6082 10
2888 6 10
2889 9462 10
2890 2319 10
2891 6973 10
2892 105 10
2893 466 10
2894 5781 10
2895 2738 10
2896 7199 10
2897 6106 10
2898 5437 10
2899 1999 10
2900 829 10
2901 5596 10
2902 7837 10
2903 9264 10
2904 6373 10
2905 986 10
2906 362 10
2907 5821 10
2908 2309 10
2909 6095 10
2910 6558 10
2911 770 10
2912 6289 10
2913 5996 10
2914 7817 10
2915 6643 10
2916 6177 10
2917 5506 10
2918 2656 10
2919 5992 10
2920 5844 10
2921 5921 10
2922 8231 10
2923 97 10
2924 5798 10
2925 823 10
2926 8455 10
2927 5367 10
2928 6599 10
2929 5733 10
2930 5642 10
2931 84 10
2932 6597 10
2933 6306 10
2934 2647 10
2935 8885 10
2936 6162 10
2937 6084 10
2938 6323 10
2939 8660 10
2940 9601 10
2941 7769 10
2942 6866 10
2943 599 10
2944 6559 10
2945 6649 10
2946 5505 10
2947 6295 10
2948 7633 10
2949 58 10
2950 5583 10
2951 6660 10
2952 9338 10
2953 8486 10
2954 5756 10
2955 25 10
2956 2476 10
2957 5905 10
2958 6452 10
2959 8609 10
2960 581 10
2961 6098 10
2962 6752 10
2963 5953 10
2964 5818 10
2965 553 10
2966 73 10
2967 2625 10
2968 6635 10
2969 5668 10
2970 5781 10
2971 7052 10
2972 5678 10
2973 2368 10
2974 6167 10
2975 5309 10
2976 8904 10
2977 8486 10
2978 7505 10
2979 7237 10
2980 5152 10
2981 6396 10
2982 70 10
2983 5416 10
2984 2207 10
2985 5634 10
2986 2099 10
2987 6043 10
2988 5728 10
2989 6589 10
2990 9411 10
2991 6606 10
2992 5194 10
2993 8255 10
2994 5938 10
2995 7134 10
2996 8532 10
2997 5363 10
2998 136 10
2999 653 10
3000 7830 10
