100
1 278 50 293 47
2 796 50 804 50 825 40
3 293 3 248 50 322 50 244 31
4 733 50 728 11
5 8 50 17 32
6 674 50 666 50 633 50 661 50 676 50 673 50 652 50 670 5
7 753 8
8 697 50 693 50 706 50 679 50 688 50 708 50 699 50 682 50 709 50 703 50 681 38
9 705 50 712 50 700 50 713 27
10 992 5
11 681 7
12 635 50 623 29
13 588 50 586 50 594 50 578 50 580 4
14 981 23
15 825 10 816 44
16 681 5 690 50 694 21
17 244 19 282 50 305 50 292 50 297 50 307 49
18 670 45 623 21 694 29 650 50 655 50 713 23 653 13
19 653 37 728 39 707 50 667 50 672 50 657 50 643 50 680 50 640 41
20 816 6 824 50 860 50 820 10
21 640 9 621 1
22 711 10
23 711 10
24 711 10
25 711 10
26 621 10
27 597 10
28 307 1 257 9
29 711 10
30 621 10
31 621 10
32 621 10
33 63 10
34 621 9 722 1
35 555 10
36 722 10
37 722 10
38 722 10
39 722 10
40 257 10
41 607 10
42 722 9 664 1
43 63 10
44 257 10
45 664 10
46 664 10
47 607 10
48 55 10
49 607 10
50 506 10
51 489 10
52 489 10
53 664 10
54 89 10
55 664 10
56 664 9 721 1
57 721 10
58 685 10
59 63 10
60 721 10
61 3 10
62 257 10
63 721 10
64 685 10
65 17 10
66 721 10
67 625 10
68 721 9 738 1
69 685 10
70 103 10
71 257 10
72 17 8 12 2
73 89 10
74 738 10
75 55 10
76 738 10
77 257 1 339 9
78 738 10
79 738 10
80 738 9 685 1
81 685 10
82 103 10
83 531 10
84 685 9 698 1
85 34 10
86 698 10
87 531 10
88 698 10
89 506 10
90 698 10
91 698 10
92 339 10
93 625 10
94 698 9 715 1
95 715 10
96 625 10
97 506 10
98 715 10
99 715 10
100 14 10
