45.243315789 7.931315789 10977.052631579 
51.256533333 3.926133333 4997.866666667 
47.245250000 -1.050916667 10363.000000000 
52.223666667 4.798333333 1229.000000000 
51.243571429 0.116428571 3640.714285714 
55.551000000 12.509000000 1158.000000000 
53.277000000 38.493000000 10668.000000000 
60.311818182 24.800454545 1671.545454545 
50.867200000 0.872000000 5993.200000000 
38.382440922 31.705651297 9002.665706052 
55.943090909 37.228454545 1410.181818182 
52.017315789 -2.628631579 9188.947368421 
52.686117647 -2.521882353 9916.941176471 
53.527666667 -5.980000000 10668.000000000 
42.311133333 28.687666667 11277.000000000 
42.660866667 22.625466667 12195.266666667 
43.324200000 8.172600000 11262.000000000 
37.768545455 -4.569090909 11277.000000000 
51.401263158 0.023789474 1947.000000000 
52.508200000 -8.948000000 3424.200000000 
51.922818182 3.524363636 9716.636363636 
46.361600000 1.019800000 11590.000000000 
56.519428571 24.188142857 11277.000000000 
55.608000000 6.158818182 11285.000000000 
49.211000000 16.191000000 6374.000000000 
51.177650000 0.028200000 1109.050000000 
43.786750000 39.568187500 6647.000000000 
51.411500000 -0.010000000 1702.500000000 
55.571600000 11.967000000 3336.800000000 
55.589750000 12.013250000 3288.562500000 
45.029981891 39.178398390 25.730382294 
51.476000000 -0.662466667 957.266666667 
42.954636364 9.267636364 10980.000000000 
53.422454545 -6.303454545 692.181818182 
57.771700000 16.303200000 12189.600000000 
57.534555556 11.007333333 11269.000000000 
51.189571429 0.116285714 1367.571428571 
50.955222222 -0.156000000 2162.444444444 
45.327333333 13.131933333 11277.000000000 
51.820500000 2.745000000 7315.000000000 
46.149083333 39.967666667 10972.000000000 
34.454428571 -10.342142857 11277.000000000 
51.189363636 0.049727273 3636.090909091 
46.213142857 6.072071429 488.642857143 
53.592272727 -2.613454545 7627.000000000 
55.933000000 5.061000000 11887.000000000 
38.580000000 -9.055000000 2286.000000000 
52.229411765 9.689705882 10972.000000000 
51.216000000 0.266000000 3817.000000000 
54.927222222 32.129333333 10668.000000000 
48.913272727 3.563909091 10972.000000000 
46.037500000 17.594000000 11290.833333333 
52.689421053 -0.130210526 12192.000000000 
48.834000000 -3.017000000 11269.000000000 
45.944744186 -5.378604651 11585.348837209 
55.706400000 12.793600000 844.200000000 
38.784333333 26.579466667 10351.266666667 
49.085266667 3.748466667 11589.466666667 
53.871000000 6.246000000 11894.000000000 
52.392900000 13.592400000 454.700000000 
51.121550000 0.355250000 4112.850000000 
46.276000000 8.922700000 11583.100000000 
51.625333333 -0.042111111 2350.611111111 
51.181800000 0.057200000 1051.000000000 
53.404500000 -6.499000000 2872.000000000 
37.844200000 -4.049600000 10278.800000000 
47.548272727 -2.140909091 10970.090909091 
57.891545455 20.612727273 11582.000000000 
38.777000000 -9.132800000 7232.000000000 
52.398375000 13.616375000 1140.875000000 
56.367500000 16.433166667 10379.333333333 
55.212823529 10.967470588 7707.411764706 
56.778888889 23.271777778 5141.444444444 
51.305153846 3.003076923 10300.230769231 
55.974000000 -4.195384615 1145.153846154 
55.251357143 12.618214286 3283.928571429 
49.778727273 15.097454545 10370.000000000 
42.665117647 1.198647059 10363.000000000 
51.475692641 -0.442887446 41.904761905 
43.108666667 -4.073000000 10652.000000000 
43.398833333 -3.010000000 2319.500000000 
55.710066667 12.929333333 1385.266666667 
49.543266667 2.115533333 11593.266666667 
41.469727273 1.702000000 5195.181818182 
46.052800000 -1.992800000 12192.000000000 
41.589250000 -5.521875000 5181.000000000 
55.089090909 12.448818182 4839.818181818 
46.812857143 6.142357143 10970.500000000 
59.167687500 18.159062500 2818.000000000 
58.016000000 18.635400000 13106.000000000 
54.409500000 37.995100000 10675.000000000 
50.577000000 3.741000000 10066.000000000 
49.631933333 10.675733333 10972.000000000 
50.492727273 -1.256000000 6852.636363636 
48.250090909 0.406272727 11582.000000000 
48.021200000 5.391600000 8243.533333333 
39.204111111 -8.939000000 4731.444444444 
37.783272727 -4.726454545 11277.000000000 
48.700600000 -1.905400000 10219.400000000 
51.345461538 -0.069076923 2430.615384615 
52.513200000 7.175000000 8337.600000000 
50.254600000 19.031200000 10363.000000000 
55.045000000 29.347000000 10050.000000000 
54.020000000 -4.018800000 8398.450000000 
51.477823529 -0.351823529 347.235294118 
48.978312500 3.810062500 11277.000000000 
53.535833333 -3.574000000 8839.000000000 
33.807500000 35.407625000 998.625000000 
57.746384615 20.344538462 11569.307692308 
37.342593407 31.014395604 5969.857142857 
39.693571429 24.261285714 10363.000000000 
43.305882353 10.722764706 9448.000000000 
49.784600000 2.264800000 9753.000000000 
51.574100000 -0.649500000 1931.600000000 
53.592692308 38.650846154 10058.000000000 
53.255200000 1.680200000 10628.200000000 
51.465000000 -0.082882353 1361.705882353 
52.823727273 3.830363636 11888.909090909 
53.947500000 27.923500000 10046.500000000 
52.317600000 10.945800000 11582.000000000 
45.831166667 9.374833333 10959.500000000 
47.197666667 7.743000000 6364.666666667 
40.686571429 -6.699857143 8526.000000000 
41.403285714 2.391714286 1297.428571429 
51.473250000 -0.071750000 1405.125000000 
55.774142857 12.590571429 1838.285714286 
48.031000000 40.383000000 10668.000000000 
47.848923077 -0.360538462 11590.000000000 
55.044466667 -3.591200000 9145.000000000 
33.308142857 -7.567642857 324.392857143 
57.802666667 14.876250000 11578.666666667 
46.198318182 40.408090909 10319.227272727 
52.858571429 11.033285714 10668.000000000 
44.684636364 -0.927090909 10979.272727273 
49.713333333 19.772888889 10668.000000000 
53.460266667 -0.209866667 11582.000000000 
46.251200000 0.401200000 10042.400000000 
52.896500000 -5.197000000 4045.500000000 
49.911000000 6.812400000 10972.000000000 
54.609200000 8.716000000 11887.000000000 
50.644705882 5.090411765 11582.000000000 
51.173727273 0.276727273 4622.181818182 
57.987000000 19.032700000 11285.000000000 
41.446222222 -6.689777778 11272.555555556 
58.396222222 20.250222222 7315.000000000 
47.881181818 3.174000000 8531.818181818 
55.420153846 13.772692308 10376.769230769 
51.367600000 -0.394400000 2441.200000000 
51.658818182 -0.479272727 2743.000000000 
47.295047619 -0.994095238 11582.000000000 
54.136428571 38.255142857 10538.238095238 
38.995800000 -9.151200000 3501.800000000 
50.955700000 40.521900000 10058.000000000 
51.247500000 -0.320000000 2548.000000000 
57.832727273 27.569636364 11887.000000000 
39.287500000 -4.686000000 11582.000000000 
51.179588235 0.041235294 1154.058823529 
53.625000000 0.392500000 10668.000000000 
46.178818182 6.020181818 1794.636363636 
43.854133333 1.271866667 9448.000000000 
48.281750000 1.496750000 10370.000000000 
55.987608696 37.374652174 113.000000000 
51.705363636 -4.647181818 10973.454545455 
54.400500000 8.710000000 11277.000000000 
52.179833333 5.251000000 8553.333333333 
52.329464286 4.718285714 0.000000000 
45.398000000 -3.013000000 11277.000000000 
41.162200000 10.927000000 9968.200000000 
39.735333333 -0.129000000 11887.000000000 
42.530666667 1.262333333 10428.666666667 
45.400777778 -0.484666667 10972.000000000 
55.673400000 34.229000000 10550.400000000 
50.220857143 20.099428571 10660.000000000 
59.712400000 18.225000000 1976.400000000 
45.654700000 10.711100000 10363.000000000 
53.294666667 8.180666667 9283.000000000 
42.977800000 0.975400000 10370.000000000 
55.604538462 34.693769231 8100.461538462 
53.166500000 -0.404250000 11277.000000000 
56.277857143 37.623428571 1595.571428571 
51.821384615 -7.292846154 10265.923076923 
51.465000000 -0.065619048 1276.190476190 
51.660000000 -0.515000000 3055.000000000 
46.389500000 5.732000000 11871.000000000 
45.648384615 19.142538462 10668.000000000 
47.403636364 8.979363636 5798.272727273 
39.658117647 -4.552411765 10668.000000000 
41.353000000 -0.459153846 10858.384615385 
43.786700000 1.298800000 10988.000000000 
40.319500000 -3.803300000 3016.600000000 
48.024890244 4.334731707 9753.000000000 
48.510785714 4.739571429 11582.000000000 
47.570800000 21.903000000 10668.000000000 
51.848769231 6.294307692 10660.000000000 
53.061875000 39.517875000 10363.000000000 
56.362307692 33.325923077 10972.000000000 
50.029666667 10.829666667 11582.000000000 
49.197571429 8.291642857 7353.214285714 
51.785000000 1.776000000 7315.000000000 
51.487615385 -0.102769231 5704.153846154 
45.590461538 12.139153846 6327.153846154 
41.844090909 12.650181818 5439.454545455 
48.316222222 16.647888889 3474.222222222 
50.761789474 0.623947368 3930.684210526 
48.582312500 10.381937500 12192.000000000 
43.287285714 24.109857143 10972.000000000 
55.602692308 12.620230769 121.846153846 
52.629888889 13.614000000 1744.000000000 
52.353576471 9.996505882 12193.564705882 
50.972294118 8.994176471 10363.000000000 
51.113750000 0.366916667 3990.083333333 
40.487000000 -3.589720000 136.360000000 
54.878653846 26.462846154 11277.000000000 
35.794857143 25.355857143 2647.285714286 
58.106769231 20.992461538 7315.000000000 
50.049875000 5.254625000 10347.000000000 
48.226333333 -1.170666667 12192.000000000 
47.134933333 -1.009800000 11582.533333333 
50.729000000 -1.182800000 5420.600000000 
56.251500000 36.024200000 4664.200000000 
53.350000000 7.979750000 9235.250000000 
47.239900000 3.837700000 11262.000000000 
52.562600000 -1.860400000 5791.000000000 
52.188000000 -1.399333333 11277.000000000 
50.961153846 -0.932923077 4207.769230769 
40.872000000 0.157300000 9448.000000000 
56.473294118 13.353470588 10972.000000000 
55.612000000 16.013000000 11590.000000000 
43.235250000 19.197125000 10965.000000000 
40.624500000 -2.645400000 5231.800000000 
52.898000000 -5.158000000 4716.000000000 
55.616716814 12.646141593 3433.407079646 
41.138777778 -3.182444444 10363.000000000 
43.718818182 -2.839409091 6284.363636364 
50.643571429 1.116928571 8062.785714286 
52.902250000 24.291500000 10675.000000000 
37.999200000 -3.736100000 10945.400000000 
45.166800000 17.568200000 11575.600000000 
54.209600000 14.967000000 11184.200000000 
46.249764259 6.127342205 378.958174905 
47.359076923 -0.332076923 12192.000000000 
46.144916667 6.176416667 3040.000000000 
48.992000000 12.224000000 11574.000000000 
59.117000000 20.894411765 11855.235294118 
44.275187500 0.243062500 10972.000000000 
59.760625000 17.957500000 758.375000000 
52.462315789 25.208000000 10668.000000000 
42.098809524 36.798000000 10668.000000000 
48.394647059 9.462000000 8117.764705882 
55.610179487 12.628256410 195.564102564 
53.381400000 -6.009200000 4823.000000000 
59.664968254 17.924047619 155.619047619 
54.698733333 8.952466667 11738.466666667 
54.040090909 -6.270909091 3879.727272727 
51.534666667 0.027333333 1884.333333333 
49.945391304 -1.695565217 9512.739130435 
40.397909091 -8.644818182 11130.454545455 
49.950000000 9.373000000 2133.000000000 
39.741555556 -0.204277778 2479.833333333 
41.495400000 -5.202300000 10363.000000000 
42.150250000 -4.017625000 11887.000000000 
50.435357143 1.506142857 8531.142857143 
55.289428571 11.136285714 7068.428571429 
50.211666667 9.236888889 7010.000000000 
53.431125000 9.400000000 10357.500000000 
47.684384615 3.296461538 10451.230769231 
55.765352941 36.299823529 3954.000000000 
55.902000000 36.298000000 4945.000000000 
47.005411765 -4.689823529 11582.000000000 
44.775200000 -2.962600000 10355.000000000 
54.897500000 26.551875000 10668.000000000 
41.530647059 -3.093588235 10972.000000000 
49.974428571 -1.361285714 8409.000000000 
55.354714286 12.747571429 2159.857142857 
47.447636364 -3.257090909 10965.000000000 
53.481285714 -3.711285714 10596.428571429 
51.040545455 0.281272727 1966.727272727 
43.567214286 21.825071429 8735.000000000 
40.211000000 -2.136000000 10069.500000000 
56.834000000 13.208782609 11573.000000000 
56.289500000 37.063166667 3039.666666667 
55.955000000 -3.354260870 85.304347826 
55.623395349 12.663720930 80.581395349 
53.384125000 -5.902500000 1311.250000000 
34.836250000 32.554833333 9752.333333333 
57.392000000 11.591444444 11277.000000000 
52.531272727 -2.209000000 8721.272727273 
52.853700000 14.586300000 7711.400000000 
52.978800000 7.336000000 11475.000000000 
42.399043478 1.998347826 11292.000000000 
53.335307591 -2.851000000 2759.249670908 
56.185857143 13.616285714 7903.285714286 
42.251800000 -3.466800000 11277.000000000 
54.660000000 37.328000000 9250.000000000 
40.637200000 -3.680600000 2568.800000000 
51.178230769 0.118769231 1268.692307692 
51.813500000 5.038500000 11277.000000000 
59.184666667 32.581666667 11887.000000000 
54.691555556 28.701444444 10972.000000000 
52.406636364 13.652000000 676.818181818 
45.521538462 39.239923077 11277.000000000 
33.311888889 -7.567962963 405.888888889 
47.220000000 7.547733333 2743.133333333 
46.220230474 6.082235595 1171.180537772 
41.967176471 12.074294118 2968.882352941 
48.125000000 10.842000000 11582.000000000 
50.632882353 36.620882353 736.823529412 
43.590666667 0.758666667 10668.000000000 
52.325000000 13.298000000 1744.000000000 
47.524000000 -4.063000000 11582.000000000 
51.980000000 0.116500000 2735.250000000 
40.385454545 -2.498363636 11885.545454545 
56.824315789 9.262105263 11575.263157895 
52.146600000 6.787400000 7799.400000000 
52.411888889 -7.886555556 6589.555555556 
47.393550000 16.307150000 5203.800000000 
52.392000000 13.058750000 11582.000000000 
38.002461538 -3.495076923 11105.538461538 
47.816500000 5.880500000 11498.000000000 
47.285125000 0.638000000 10363.000000000 
59.242000000 15.664363636 7138.272727273 
55.496705882 13.056647059 1499.058823529 
42.902428571 23.317285714 3305.285714286 
47.123550000 28.182850000 6833.700000000 
50.910058824 4.572941176 356.529411765 
50.112888889 -1.473222222 8923.444444444 
38.246900000 -7.559700000 11567.000000000 
41.576833333 11.671833333 4693.666666667 
57.022555556 14.516777778 10860.000000000 
51.558571429 14.429285714 6711.857142857 
53.226600000 -0.440900000 8798.800000000 
49.837125000 2.725500000 7021.375000000 
47.888642857 40.378785714 10353.285714286 
51.178111111 0.268444444 3464.111111111 
40.746400000 0.227600000 8822.000000000 
45.742000000 16.079426966 25.786516854 
51.419937500 -2.081250000 5425.750000000 
56.023214286 15.994142857 11285.000000000 
52.510142857 38.875714286 10668.000000000 
56.674411765 25.728823529 8300.882352941 
50.783600000 0.585400000 3761.200000000 
55.744500000 13.069312500 1670.875000000 
50.852500000 -0.178062500 3530.312500000 
51.694529412 -0.716882353 3048.000000000 
47.138000000 8.065333333 11579.333333333 
43.338200000 0.847700000 10988.000000000 
50.566750000 14.362250000 11277.000000000 
59.791800000 22.469000000 8305.600000000 
56.229894737 4.855736842 12184.000000000 
51.144400000 0.334200000 1942.050000000 
51.835333333 0.132000000 4088.666666667 
43.468400000 12.748600000 9565.800000000 
55.786720000 12.790200000 985.840000000 
46.260360000 6.141400000 550.840000000 
54.772000000 9.998000000 10805.000000000 
49.708666667 3.487333333 10972.000000000 
59.591222222 31.041777778 10668.000000000 
47.471668831 8.506870130 6733.110389610 
47.405928571 -2.285857143 10972.000000000 
53.142823529 -2.154882353 10972.000000000 
44.563333333 -3.938333333 11279.666666667 
52.270846154 2.473384615 11597.923076923 
45.810000000 16.349000000 10668.000000000 
37.197200000 24.964933333 11277.000000000 
38.675000000 -9.194000000 1828.000000000 
56.220000000 37.837333333 3545.333333333 
39.034625000 -8.762500000 1913.250000000 
50.986333333 -0.244000000 3601.000000000 
51.577090909 -0.092090909 1829.090909091 
53.419666667 -4.640666667 7124.333333333 
48.747809524 2.516666667 786.952380952 
59.102272727 20.099363636 7315.000000000 
51.376000000 -0.058857143 2147.571428571 
51.690571429 0.767285714 4404.857142857 
44.003000000 6.802800000 7022.400000000 
47.900000000 2.407352941 11292.000000000 
55.605500000 35.286625000 5637.875000000 
42.923416667 -2.910833333 11582.000000000 
43.128555556 6.449222222 10972.000000000 
51.661666667 2.588333333 9865.000000000 
51.174666667 0.007000000 908.666666667 
45.674200000 19.394400000 11571.200000000 
55.148000000 30.796200000 9448.000000000 
49.637600000 -4.756200000 11277.000000000 
49.962619048 12.358523810 11577.809523810 
51.525000000 13.917000000 7989.800000000 
32.245823529 34.139176471 6031.058823529 
50.250666667 40.540666667 10972.000000000 
43.060545455 6.417000000 9144.000000000 
34.480250000 -6.241750000 11182.375000000 
45.685285714 -0.295428571 10363.000000000 
37.503545455 -4.142545455 10668.000000000 
46.349000000 -0.435800000 11582.000000000 
35.492666667 -5.957000000 10972.000000000 
60.060800000 21.936933333 11246.000000000 
52.096800000 37.124200000 10058.000000000 
44.572285714 -4.209142857 11277.000000000 
46.185769231 -4.566923077 10675.000000000 
52.251181818 8.650363636 8534.000000000 
44.025857143 -3.151857143 10355.000000000 
51.179750000 0.041937500 968.375000000 
51.251636364 -0.023000000 2787.909090909 
39.390200000 -0.720200000 11277.000000000 
51.895400000 23.936500000 10675.000000000 
53.420200000 -6.257600000 320.000000000 
48.173500000 18.275000000 3207.500000000 
45.888397260 -4.850027397 11277.000000000 
46.222333333 18.904000000 11582.000000000 
37.710000000 31.263000000 8907.000000000 
56.043411765 37.686941176 1002.352941176 
40.292000000 -2.925000000 10972.000000000 
52.306500000 -1.650333333 6421.000000000 
34.587000000 -7.776153846 8760.000000000 
41.154727273 1.940272727 1990.000000000 
53.826529412 6.495470588 11887.000000000 
42.633000000 23.468000000 2377.000000000 
55.772900000 11.138900000 12192.000000000 
44.428454545 8.744909091 11582.000000000 
43.176500000 38.121166667 10668.000000000 
52.212454545 3.029545455 11181.272727273 
56.469894737 37.333789474 2438.000000000 
44.007200000 -3.985600000 11277.000000000 
38.975352941 32.219058824 10668.000000000 
45.769818182 -0.409727273 10972.000000000 
55.520818182 32.577636364 10980.000000000 
35.826272727 28.497545455 11582.000000000 
50.189800000 1.683400000 9684.800000000 
43.092153846 -2.101153846 8534.000000000 
51.971000000 -0.025000000 5516.333333333 
49.763750000 -1.632333333 10034.750000000 
48.376000000 -1.346000000 11574.000000000 
46.225760000 -2.918200000 7620.000000000 
41.468000000 -8.848333333 10972.000000000 
55.379647059 -0.181764706 10972.000000000 
48.960714286 40.415857143 10363.000000000 
56.669125000 29.372375000 9753.000000000 
33.958727273 34.351163636 9933.454545455 
55.693500000 34.087000000 11690.750000000 
42.646920000 4.599040000 11277.000000000 
52.209000000 10.645000000 10363.000000000 
57.948000000 15.982000000 6400.000000000 
48.050315789 17.397210526 1130.000000000 
47.563000000 -1.737500000 11582.000000000 
50.536000000 11.329000000 7414.000000000 
51.028384615 0.048076923 2207.230769231 
59.034600000 22.850200000 9276.400000000 
49.097923077 -2.323307692 10363.000000000 
45.159000000 39.651500000 10972.000000000 
51.708000000 1.987000000 8001.000000000 
49.666880000 -1.686000000 10678.840000000 
44.969000000 0.360666667 11582.000000000 
51.628750000 3.926000000 4548.750000000 
44.238000000 0.094000000 10972.000000000 
37.781357143 -4.196785714 6096.000000000 
44.739142857 39.526285714 10378.000000000 
44.000600000 24.042400000 11887.000000000 
48.967846154 11.412000000 11582.000000000 
51.251428571 18.800071429 11277.000000000 
33.865375000 -6.723500000 5791.000000000 
49.970600000 41.012600000 10972.000000000 
52.171448276 20.945896552 292.344827586 
48.554000000 2.012000000 3352.000000000 
42.322411765 12.001235294 5515.235294118 
50.895823529 0.756117647 6461.352941176 
55.733333333 12.413000000 2443.333333333 
42.313600000 -2.508400000 10972.000000000 
44.918352941 12.742764706 10063.647058824 
49.508750000 5.888250000 10972.000000000 
53.177545455 11.190909091 11282.818181818 
46.274826087 6.163119565 702.760869565 
51.765958333 1.375375000 6083.541666667 
55.946818182 37.249818182 1358.272727273 
40.104222222 0.335888889 10427.333333333 
38.765348148 -9.134000000 15.000000000 
44.096200000 1.705333333 11277.000000000 
41.204750000 -3.143000000 11582.000000000 
50.019333333 40.515500000 10972.000000000 
47.802222222 16.184444444 9753.000000000 
47.644542857 7.490885714 360.457142857 
54.724333333 -5.648333333 1960.000000000 
49.348250000 17.607250000 10668.000000000 
40.964909091 0.708272727 8296.272727273 
53.684545455 28.281909091 9448.000000000 
52.182230769 20.879307692 895.615384615 
51.325000000 0.047571429 2743.000000000 
52.098083333 4.406250000 2133.000000000 
52.003818182 0.904181818 6920.545454545 
51.726714286 1.287000000 6702.714285714 
54.105000000 11.476000000 10664.000000000 
46.108156250 -3.772593750 12192.000000000 
55.406600000 12.523600000 3222.800000000 
48.620461538 -1.986769231 10363.000000000 
49.209157895 18.950368421 10064.315789474 
51.464576271 -0.442254237 214.949152542 
42.973000000 9.509000000 10972.000000000 
53.421769231 -6.281923077 427.692307692 
48.467000000 9.037285714 11594.000000000 
51.755857143 -0.083857143 3317.428571429 
40.973000000 -0.482400000 6977.600000000 
51.648000000 -0.130320000 2748.040000000 
