48.433058824 3.904764706 10980.000000000 
38.428500000 -8.975285714 2898.785714286 
46.901500000 19.036500000 11887.000000000 
41.031375000 -8.343250000 1741.875000000 
47.887391304 -2.142956522 8839.000000000 
49.063809524 -2.215666667 11586.952380952 
52.456333333 3.529333333 10382.666666667 
56.608000000 36.897000000 4857.500000000 
43.963600000 20.527000000 10668.000000000 
48.564200000 3.925000000 10972.000000000 
45.398375000 1.092375000 11587.500000000 
41.115000000 22.043625000 8360.000000000 
52.117666667 -1.328333333 5356.166666667 
50.113111111 1.549111111 10524.444444444 
52.086166667 6.454666667 10363.000000000 
44.464000000 17.509000000 10972.000000000 
39.218000000 -9.174000000 2705.000000000 
45.045818182 5.826545455 11576.181818182 
52.702250000 39.697750000 10185.500000000 
47.908727273 8.598909091 3040.727272727 
54.492500000 9.214714286 10660.000000000 
54.792444444 11.215777778 11277.000000000 
35.997000000 33.679000000 10363.000000000 
38.957823529 -1.372823529 10058.000000000 
47.855400000 -2.184200000 11285.000000000 
55.044750000 9.358250000 12192.000000000 
51.192131579 -3.667855263 3031.736842105 
55.311200000 15.464000000 10668.000000000 
54.485785714 9.296642857 11277.000000000 
46.930583333 29.102583333 668.916666667 
41.117600000 -1.866600000 8420.800000000 
37.795881188 31.616168317 11887.000000000 
47.417000000 8.391000000 2209.000000000 
52.483222222 38.887555556 10668.000000000 
59.372923077 21.317384615 10972.000000000 
51.177200000 0.151800000 1450.600000000 
56.107500000 30.753500000 10066.000000000 
46.129736842 5.951052632 1219.210526316 
55.863615385 12.749307692 1206.692307692 
47.280857143 7.689285714 2397.857142857 
52.763500000 38.835928571 10666.285714286 
51.183421053 0.204894737 1569.789473684 
48.210636364 2.899090909 8223.909090909 
52.523727273 -1.777636364 8072.181818182 
44.608928571 6.206428571 10713.071428571 
40.727357143 -7.261928571 5791.000000000 
47.600166667 7.521083333 130.000000000 
51.435000000 0.046000000 1935.000000000 
48.879500000 40.411100000 10667.200000000 
41.893285714 -3.491142857 10147.571428571 
