47.468000000 8.314857143 3121.142857143 
47.385500000 -3.716375000 11590.000000000 
56.049666667 36.181333333 3972.333333333 
56.883732558 23.959465116 923.604651163 
51.453666667 2.706000000 6705.000000000 
51.468000000 -0.484381306 0.000000000 
48.178923077 0.368384615 11574.000000000 
42.511000000 1.549000000 10119.000000000 
42.511000000 -3.259473684 11887.000000000 
48.378777778 40.395222222 11277.000000000 
36.939558824 30.798352941 567.205882353 
47.386200000 -1.338600000 10361.400000000 
50.928681818 4.652409091 666.227272727 
42.972000000 -2.153000000 11582.000000000 
51.157500000 -0.116250000 340.500000000 
54.665111111 8.839222222 11886.111111111 
53.019000000 7.169400000 10725.600000000 
46.351333333 5.741333333 5539.333333333 
53.175823529 8.145764706 9888.705882353 
38.843600000 32.005800000 10363.000000000 
56.011818182 36.709090909 4252.090909091 
54.000000000 3.861294118 10974.823529412 
53.071266667 6.944533333 11229.266666667 
52.684571429 2.426428571 10668.000000000 
48.541357143 5.841428571 11582.000000000 
55.506181818 19.790181818 11582.000000000 
48.209545455 16.538909091 793.545454545 
51.854750000 1.987250000 5848.000000000 
47.231000000 40.400000000 10370.000000000 
54.899529412 32.010176471 8843.529411765 
48.533642857 3.267714286 11574.000000000 
44.370636364 -0.861727273 9921.454545455 
41.702454545 1.717545455 8285.272727273 
52.470000000 5.413333333 2298.333333333 
52.284400000 -3.646200000 9744.066666667 
43.692000000 1.318000000 10363.000000000 
48.946818182 18.249363636 11277.000000000 
38.552222222 -9.595333333 4585.555555556 
49.393400000 40.452200000 11277.000000000 
59.654147368 17.921021053 81.684210526 
50.952750000 4.757625000 962.250000000 
51.497500000 3.768000000 6132.416666667 
51.541000000 10.953000000 11277.000000000 
59.723368421 17.985315789 656.368421053 
51.659000000 0.363000000 4145.000000000 
53.848714286 4.992285714 11587.714285714 
43.479307692 0.557230769 11574.000000000 
45.189894737 17.628105263 11277.000000000 
51.151894737 -0.162736842 186.473684211 
44.459700000 0.213800000 11590.000000000 
53.408750000 9.147375000 5280.375000000 
40.328318182 30.032318182 11574.000000000 
40.376500000 -0.147357143 9914.428571429 
51.465000000 -0.356000000 617.000000000 
53.420000000 -6.250192308 4.230769231 
56.086000000 16.601000000 7315.000000000 
46.697971429 -4.397714286 11277.000000000 
49.751000000 2.013000000 10942.000000000 
52.836800000 8.333000000 10972.000000000 
52.356750000 4.568250000 12184.000000000 
49.601272727 6.102000000 2152.727272727 
55.445157895 7.907368421 12496.000000000 
51.442411765 -0.366823529 861.058823529 
50.635333333 7.966333333 5539.333333333 
51.853750000 -0.404500000 7893.750000000 
34.291400000 34.099800000 8837.600000000 
54.386947368 3.755315789 11887.000000000 
51.885000000 -8.240000000 2590.000000000 
41.053000000 -6.207666667 10363.000000000 
52.987111111 25.596111111 10972.000000000 
57.706000000 12.598400000 10058.000000000 
43.364750000 -3.071250000 2643.750000000 
48.926945466 -8.450941027 11867.587824984 
40.501915493 -3.559056338 457.000000000 
54.416411765 11.918294118 7976.000000000 
45.335714286 1.076857143 10980.000000000 
41.797000000 12.169833333 1025.666666667 
43.641777778 1.331777778 10972.000000000 
40.395090909 -2.872454545 11271.909090909 
51.168461538 -0.040769231 743.230769231 
51.657400000 0.339200000 4100.500000000 
43.236000000 -2.284000000 12192.000000000 
39.657000000 -0.402000000 4305.000000000 
55.773352941 12.836588235 1063.352941176 
45.123700000 9.809100000 9753.000000000 
51.752100000 -0.586650000 2743.000000000 
55.081454545 13.356545455 10668.000000000 
57.249454545 -1.991272727 2229.454545455 
56.954666667 14.256166667 10866.500000000 
40.122285714 24.508977444 10972.000000000 
60.330000000 24.946468085 141.489361702 
40.804750000 -2.918850000 4437.000000000 
48.228000000 4.850681818 8227.181818182 
51.584000000 0.323000000 3048.000000000 
51.798533333 -0.517800000 6030.266666667 
55.618363636 10.345636364 11277.000000000 
50.047944444 -6.307222222 11277.000000000 
50.774250000 25.124000000 11277.000000000 
40.403545455 0.669909091 9098.545454545 
50.294705882 -0.257000000 6471.235294118 
53.808714286 39.131142857 10363.000000000 
53.667555556 38.561333333 10668.000000000 
43.771166667 21.809500000 11887.000000000 
50.343476190 0.185666667 11277.000000000 
49.649090909 2.646090909 11574.000000000 
52.374000000 13.511500000 277.500000000 
48.455083333 2.997750000 2377.250000000 
56.152875000 30.338250000 11277.000000000 
43.656000000 -1.491666667 11590.000000000 
55.678125000 11.590000000 11567.000000000 
53.349000000 -2.273000000 82.000000000 
55.308785714 12.709857143 10058.000000000 
50.332500000 1.378000000 8842.500000000 
54.381000000 8.920000000 9761.000000000 
59.718777778 22.173333333 9829.555555556 
51.465553366 -0.434000000 0.000000000 
47.858714286 -2.154857143 10363.000000000 
48.998000000 -2.112000000 9761.000000000 
52.153230769 2.371692308 8734.692307692 
43.633526316 14.502315789 10980.000000000 
49.709263158 2.012684211 11269.000000000 
55.703000000 34.018000000 10058.000000000 
52.323000000 4.950692308 722.153846154 
51.670000000 4.570000000 5577.000000000 
48.629600000 -1.978500000 10363.000000000 
46.338200000 -3.436000000 10668.000000000 
53.540086957 -0.968347826 494.000000000 
51.733000000 -0.571200000 4204.400000000 
50.690200000 6.080866667 10973.066666667 
51.478000000 -0.328187500 559.250000000 
43.490700000 9.798150000 10973.200000000 
46.523050000 -0.854550000 10980.000000000 
53.513000000 -2.112000000 10355.000000000 
47.449571429 -0.525142857 10363.000000000 
36.876423729 30.788864407 124.169491525 
54.083470588 8.494647059 11582.000000000 
52.458800000 5.198200000 2194.400000000 
55.719666667 13.336000000 1722.000000000 
47.193000000 17.938750000 11582.000000000 
44.590272727 1.203636364 10977.090909091 
55.402692308 11.283538462 5470.230769231 
54.179000000 -4.406666667 6639.000000000 
51.594750000 8.848750000 10967.625000000 
42.262666667 -2.512111111 10972.000000000 
33.562444444 31.859222222 10364.555555556 
47.349642857 4.732571429 8534.000000000 
52.490600000 -8.470400000 5813.800000000 
44.921000000 5.934400000 10774.600000000 
33.224230769 -7.075076923 2414.615384615 
50.949666667 4.860333333 1029.888888889 
46.720484848 40.156678451 12192.000000000 
47.592764706 4.095941176 10972.000000000 
39.331545455 -6.934636364 11723.818181818 
52.182875000 -1.374562500 5617.312500000 
33.149846154 32.138769231 10966.076923077 
52.157300000 -1.204200000 5026.400000000 
41.152294118 -8.514705882 11582.000000000 
57.142090909 15.101272727 11290.090909091 
51.598000000 -0.571000000 1920.000000000 
48.117155056 16.570689888 6180.764044944 
55.933800000 37.641200000 1229.200000000 
41.742000000 3.579818182 9148.454545455 
49.725125000 2.305312500 11582.000000000 
43.396666667 22.108166667 7824.166666667 
46.364000000 6.294500000 1636.500000000 
54.593000000 30.821000000 10058.000000000 
50.992428571 -0.288000000 4233.142857143 
51.258333333 3.567666667 6926.000000000 
56.205692308 16.222769231 10972.000000000 
52.383000000 13.552000000 320.000000000 
40.643000000 -1.865200000 6169.800000000 
58.199769231 13.379923077 10909.307692308 
49.855166667 1.923500000 9144.000000000 
51.205857143 1.106928571 4123.642857143 
51.686263158 -4.929578947 11582.000000000 
49.636090909 6.235000000 441.000000000 
51.480636364 8.788636364 11373.909090909 
47.075818182 10.859090909 11583.454545455 
56.141000000 33.783400000 10666.400000000 
51.110714286 -0.411000000 1668.000000000 
55.521555556 11.611333333 4248.333333333 
43.794000000 7.584076923 10976.307692308 
56.244444444 37.482166667 2281.722222222 
54.154200000 -4.485800000 6776.600000000 
51.960437500 -4.958062500 10060.500000000 
56.417578947 37.040631579 2706.105263158 
52.222800000 19.292400000 8564.400000000 
51.732714286 5.064285714 11277.000000000 
53.355083333 5.705666667 10668.000000000 
53.474555556 -5.788333333 5435.555555556 
55.724636364 12.811000000 816.909090909 
52.464250000 -1.787833333 7605.333333333 
46.056000000 19.343600000 10363.000000000 
43.871000000 7.077000000 5006.000000000 
47.519125000 8.421250000 2089.125000000 
45.249500000 -0.262000000 11586.000000000 
51.321285714 0.051428571 2743.000000000 
49.161000000 13.553727273 10668.000000000 
46.812916667 4.768833333 11574.000000000 
55.613727273 12.646909091 13.090909091 
53.245800000 6.458300000 10668.000000000 
51.124181818 39.615818182 10668.000000000 
40.058600000 29.749400000 10363.000000000 
33.605900000 34.306800000 9910.500000000 
42.435400000 10.615700000 10972.000000000 
39.651000000 -0.345000000 10670.333333333 
55.701411765 -3.924647059 3657.000000000 
54.718090909 10.166818182 9687.272727273 
46.290533333 11.515200000 8965.133333333 
52.333386598 4.727809278 350.000000000 
41.556800000 -7.912600000 3920.600000000 
49.332727273 1.626636364 8823.000000000 
56.544000000 36.382500000 4690.000000000 
55.671750000 12.872437500 4951.312500000 
50.521600000 5.221600000 9515.200000000 
40.558363636 -3.296818182 3681.090909091 
51.387857143 -0.048357143 2173.714285714 
52.374666667 2.885333333 10668.000000000 
55.550555556 6.668444444 11585.555555556 
47.634307692 16.161692308 10668.000000000 
49.597818182 -1.659000000 10060.181818182 
50.335181818 6.872636364 6513.909090909 
52.281785714 -1.939642857 7650.785714286 
50.748200000 -0.656466667 3731.066666667 
41.210090909 2.030727273 1090.545454545 
51.834450000 3.387550000 11552.850000000 
51.383700000 0.454200000 5494.200000000 
31.755000000 -7.838000000 3309.000000000 
56.805500000 24.162500000 2521.500000000 
48.055133333 14.057600000 8526.000000000 
51.171000000 -0.021500000 895.000000000 
50.216777778 20.114888889 10058.000000000 
55.470000000 12.807000000 2049.000000000 
55.506869565 4.646695652 10972.000000000 
44.695000000 1.106500000 11582.000000000 
51.649636364 0.185181818 3115.636363636 
38.628000000 -9.217000000 952.000000000 
43.747090909 11.099772727 633.375000000 
39.008500000 25.455500000 10972.000000000 
53.771727273 -3.212454545 10972.000000000 
48.474333333 8.727166667 6810.833333333 
51.541714286 -3.264214286 9024.642857143 
47.774166667 6.253000000 10253.500000000 
42.751250000 -1.595875000 11277.000000000 
47.172666667 17.900777778 10966.555555556 
52.820714286 3.764714286 11162.857142857 
52.541800000 -7.378520000 5779.960000000 
55.615875000 12.642000000 0.000000000 
46.189600000 6.038800000 642.400000000 
46.106941176 -1.954117647 11582.000000000 
51.478000000 -0.235866667 918.533333333 
52.544476190 8.915000000 10668.000000000 
37.126500000 -4.502500000 5131.500000000 
55.674600000 35.751733333 6757.000000000 
51.007900000 -1.167600000 4959.800000000 
52.018571429 -0.288714286 1678.428571429 
53.683500000 -3.893000000 8854.000000000 
53.296000000 7.396500000 11277.000000000 
42.883000000 1.902583333 11042.583333333 
56.757250000 25.299750000 3979.000000000 
51.934000000 2.010300000 5479.800000000 
55.856206897 -4.460586207 874.300492611 
42.555133333 -1.821533333 11277.000000000 
46.891333333 5.356111111 8384.888888889 
50.638411765 -0.944294118 4964.941176471 
45.917800000 11.386000000 11277.000000000 
48.549428571 2.776714286 11283.857142857 
60.219750000 24.245250000 4328.875000000 
40.521692308 8.554230769 11285.000000000 
40.445272727 -3.305909091 10974.909090909 
40.009300000 0.238800000 11277.000000000 
52.411789474 3.081947368 10675.000000000 
51.696833333 0.850944444 4116.611111111 
53.050000000 -1.399923077 10355.000000000 
47.796363636 3.698363636 11590.000000000 
42.933789474 -2.153842105 10363.000000000 
51.465000000 -0.252333333 1027.066666667 
49.114117647 40.429411765 10668.000000000 
48.730750000 2.518750000 8228.000000000 
51.646636364 0.071545455 2672.454545455 
51.466068966 -0.434275862 0.000000000 
37.096857143 -5.102714286 4876.000000000 
51.646000000 0.245666667 3423.888888889 
52.590142857 -8.449000000 4143.857142857 
49.453454545 6.363363636 10961.363636364 
45.501500000 16.087166667 10972.000000000 
48.366846154 16.701692308 3997.076923077 
45.460571429 0.994857143 9753.000000000 
51.465000000 -0.320142857 365.714285714 
48.147000000 18.135000000 3078.000000000 
56.284000000 12.032714286 10668.000000000 
51.981818182 9.576181818 9444.181818182 
38.022454545 -4.244181818 9374.454545455 
53.762375000 -3.408875000 10980.000000000 
48.313600000 40.392700000 10063.600000000 
45.639062500 -2.511062500 11582.000000000 
55.636076923 12.684230769 192.538461538 
42.623000000 1.481333333 9306.333333333 
57.200000000 -2.196000000 381.000000000 
48.733500000 2.436500000 188.875000000 
52.402000000 38.927000000 10668.000000000 
59.336000000 18.062500000 2689.500000000 
52.120111111 5.407777778 10972.000000000 
42.306785714 -3.010071429 11582.000000000 
41.820000000 26.609000000 11887.000000000 
56.150190476 30.358285714 11277.000000000 
56.594000000 -6.193250000 10980.000000000 
39.496500000 -5.438500000 5486.000000000 
40.789058824 -2.925705882 10980.000000000 
32.777238095 34.034111111 7156.968253968 
39.307384615 -9.127769231 3595.230769231 
44.003000000 0.805000000 11277.000000000 
54.251000000 11.367250000 10957.000000000 
47.087250000 4.216875000 8846.000000000 
39.903307692 -0.192000000 4178.846153846 
52.504105263 15.794210526 7156.000000000 
52.609230769 5.859000000 11597.000000000 
39.618600000 -3.873100000 7563.500000000 
39.825473684 -8.704947368 6374.947368421 
51.099533333 0.276733333 4265.466666667 
51.682416667 -3.546083333 9499.750000000 
51.197200000 -0.279800000 1761.200000000 
40.473631016 -3.572770053 445.860962567 
51.716083333 1.868333333 7224.833333333 
48.728666667 2.411000000 220.333333333 
36.582671518 33.475349272 9902.646569647 
54.344000000 37.525000000 10370.000000000 
48.322000000 -2.859000000 10965.000000000 
45.031818182 39.177000000 27.636363636 
56.040714286 37.647000000 1007.571428571 
36.815000000 -4.280000000 6096.000000000 
56.591181818 -3.118090909 7171.727272727 
47.241230769 8.190769231 10363.000000000 
44.609166667 11.567750000 11589.333333333 
57.903400000 14.946700000 11594.900000000 
50.303800000 19.055400000 10988.000000000 
51.478000000 -0.299380952 661.047619048 
42.022500000 35.095250000 10364.750000000 
52.098111111 1.524222222 9643.000000000 
46.247500000 20.281875000 11574.000000000 
47.175238095 5.688380952 10972.000000000 
50.231666667 8.442000000 11285.000000000 
55.539333333 11.892000000 3921.000000000 
39.741833333 -1.064333333 6249.000000000 
55.830555556 13.123666667 2149.444444444 
55.021000000 5.256785714 10978.285714286 
54.335100000 -5.493100000 5155.800000000 
49.354000000 -1.253666667 10822.333333333 
39.752444444 28.321000000 12496.000000000 
40.949200000 0.737800000 9599.200000000 
54.543470588 20.204588235 10375.176470588 
55.808615385 12.952846154 1104.000000000 
55.971000000 37.378104839 274.000000000 
39.918619048 0.122523810 10767.523809524 
51.164153846 -0.069923077 576.000000000 
40.949142857 0.044285714 8839.000000000 
52.895818182 39.595000000 10965.000000000 
52.137866667 3.886133333 11590.000000000 
46.936916667 6.466500000 12192.000000000 
50.745000000 0.656000000 4111.000000000 
52.702000000 25.795500000 10668.000000000 
51.853363636 2.572363636 7315.000000000 
48.741500000 2.479833333 341.166666667 
49.144866667 2.065200000 11277.000000000 
54.007066667 -5.709666667 4805.400000000 
57.812600000 13.424200000 10972.000000000 
46.391250000 5.874750000 6181.000000000 
51.949894737 7.208473684 8982.578947368 
56.313733333 37.725200000 2478.600000000 
46.219571429 1.174428571 10363.000000000 
47.740375000 1.859250000 7779.250000000 
44.975454545 0.085272727 10972.000000000 
47.723428571 -0.881142857 9753.000000000 
43.596000000 -7.410000000 11277.000000000 
54.520300000 9.645100000 11222.000000000 
52.203333333 4.196555556 11590.000000000 
44.500444444 0.101666667 11574.000000000 
54.460500000 38.066200000 10660.000000000 
54.211100000 38.075900000 10668.000000000 
48.486400000 16.124600000 2041.400000000 
51.790666667 -0.268666667 7684.777777778 
51.164166667 -0.070000000 415.666666667 
54.627428571 24.853000000 10668.000000000 
51.275600000 3.863800000 10363.000000000 
55.636444444 37.851333333 4577.444444444 
37.699928571 -4.173714286 10148.000000000 
55.827066667 10.060666667 9624.133333333 
49.734000000 2.569000000 10972.000000000 
48.185432432 7.546027027 6656.432432432 
39.035894737 -8.993842105 1506.947368421 
51.658615385 -0.375538462 2446.000000000 
54.693454545 11.789818182 8142.545454545 
45.503100000 12.343000000 38.000000000 
51.849800000 -7.614800000 5038.900000000 
53.082636364 0.685272727 8229.000000000 
51.156739130 -0.124217391 411.043478261 
46.237068826 6.108510121 443.805668016 
51.416000000 21.669000000 10058.000000000 
51.478000000 -0.261714286 671.428571429 
55.625000000 12.643857143 0.000000000 
42.357333333 0.344000000 11277.000000000 
54.291944444 4.064722222 12192.000000000 
42.381266667 1.593733333 9427.333333333 
52.108000000 6.974200000 11586.800000000 
44.295636364 1.010909091 11292.000000000 
49.933750000 -6.334250000 10668.000000000 
46.724625000 -1.397937500 11277.000000000 
51.941000000 0.027000000 2118.000000000 
48.102333333 40.386333333 10357.666666667 
52.037600000 -1.233400000 4974.000000000 
47.597882353 7.427235294 7881.941176471 
54.349714286 -5.077642857 4454.571428571 
44.161058824 6.983941176 10980.000000000 
51.746285714 1.593571429 8234.285714286 
50.306000000 7.612333333 10972.000000000 
48.348437500 -2.048500000 11574.000000000 
56.716526316 24.986368421 6044.315789474 
51.648666667 2.085600000 8643.333333333 
53.489333333 -6.248000000 3001.666666667 
46.230666667 5.770238095 5134.000000000 
47.825250000 4.868750000 10972.000000000 
53.149363636 -2.752272727 10058.000000000 
36.888545455 -4.798227273 1980.954545455 
56.351750000 19.399000000 12192.000000000 
47.455000000 8.561400000 2842.000000000 
56.733500000 28.244500000 10363.000000000 
38.536857143 -5.298285714 8842.142857143 
54.323600000 11.555800000 9733.200000000 
56.949909091 18.245000000 11582.000000000 
47.029687500 -2.365937500 10366.937500000 
55.131000000 10.725000000 8229.000000000 
53.755857143 25.618857143 10972.000000000 
54.652692308 -5.783846154 1649.538461538 
49.947857143 18.143071429 10668.000000000 
49.134454545 3.441363636 11590.000000000 
53.298916667 6.600500000 11582.000000000 
55.555000000 11.922500000 3542.500000000 
35.972500000 -5.034000000 5558.000000000 
47.605400000 17.469000000 10363.000000000 
48.322200000 3.394600000 11574.000000000 
32.193454545 34.143909091 6740.818181818 
48.215333333 1.402133333 10357.133333333 
48.901750000 2.302875000 8838.000000000 
46.076200000 9.129000000 10160.400000000 
44.097666667 6.999333333 11590.000000000 
49.880000000 -7.544166667 11879.000000000 
52.304571429 1.420857143 9351.571428571 
46.878200000 7.465500000 7770.600000000 
37.604400000 -7.410600000 4572.000000000 
42.956300000 9.731700000 10972.000000000 
51.400000000 -0.495444444 1373.000000000 
56.917500000 23.970250000 297.000000000 
42.012900000 -4.933300000 5791.000000000 
40.057924460 5.273712230 10058.000000000 
39.599500000 -5.901700000 11277.000000000 
45.267545455 -0.331363636 11582.000000000 
55.881400000 38.182200000 3597.800000000 
53.420129442 -6.248000000 320.906091371 
55.384200000 11.742000000 2530.600000000 
50.767000000 -0.551000000 3642.000000000 
51.765333333 -0.675666667 2946.000000000 
55.281300000 -4.045200000 6589.100000000 
46.680485714 39.950257143 10055.485714286 
55.921000000 3.802000000 11277.000000000 
47.110400000 4.305400000 8844.600000000 
48.854928571 6.590214286 5485.428571429 
45.771000000 5.147000000 6545.000000000 
51.622400000 0.094933333 4976.866666667 
57.755842105 11.570473684 11887.000000000 
43.588533333 -3.914533333 11894.000000000 
55.742800000 36.163800000 5568.000000000 
41.682500000 -2.890250000 9410.500000000 
55.859000000 12.935000000 1554.000000000 
58.883700000 19.745100000 11574.000000000 
42.875400000 0.832800000 10363.000000000 
48.578210526 15.882631579 6185.052631579 
51.914000000 3.314000000 10972.000000000 
52.211000000 2.406000000 9151.000000000 
35.039000000 -1.492916667 10979.333333333 
48.353500000 2.726500000 8839.000000000 
43.192666667 29.688750000 10972.000000000 
41.664384615 0.190307692 11277.000000000 
46.799812500 -0.436437500 11567.437500000 
47.855727273 6.188909091 10355.000000000 
50.370800000 13.095200000 10988.000000000 
57.591166667 15.130000000 10668.000000000 
38.098000000 -0.789000000 4610.000000000 
38.050230769 -0.802615385 2150.307692308 
40.607333333 -1.732166667 8687.666666667 
51.786333333 3.542000000 9797.833333333 
50.244058824 10.694352941 11585.294117647 
56.026000000 12.982000000 2179.000000000 
53.950200000 38.153000000 10668.000000000 
53.054714286 -2.922285714 10076.428571429 
46.498800000 7.853400000 5484.400000000 
50.930600000 4.399400000 1093.600000000 
42.992294118 10.296705882 10972.000000000 
49.753375000 30.163750000 10972.000000000 
55.032000000 11.144000000 7833.000000000 
50.739529412 3.168411765 7747.058823529 
52.320285714 4.874857143 467.857142857 
54.840461538 31.758307692 9448.000000000 
43.563523256 39.304872093 2634.151162791 
46.188400000 6.035000000 1677.200000000 
49.329050000 1.266250000 10660.000000000 
52.614600000 6.467500000 11582.000000000 
34.006600000 -5.084000000 11582.000000000 
51.590600000 -0.917400000 6569.600000000 
52.047000000 -4.447000000 9940.000000000 
53.283272727 27.184272727 10058.000000000 
52.426000000 5.147600000 11590.000000000 
54.069266667 -2.883066667 11285.000000000 
46.929050000 28.919000000 0.000000000 
47.138133333 -4.547933333 11277.000000000 
55.666428571 12.731333333 467.285714286 
51.187928571 0.115357143 1043.000000000 
32.061181818 -7.523090909 9036.636363636 
50.879000000 9.096000000 7482.000000000 
48.003384615 15.619000000 11277.000000000 
46.824454545 0.506363636 8986.818181818 
39.233000000 -7.375750000 10965.000000000 
47.271142857 -2.315428571 10363.000000000 
52.264384615 6.782307692 6893.115384615 
50.930000000 -0.946700000 4420.800000000 
55.864000000 16.314000000 10050.000000000 
49.373857143 2.955000000 11574.000000000 
43.813666667 11.097000000 1381.000000000 
50.833636364 6.752454545 11264.545454545 
41.294000000 2.915363636 6872.454545455 
52.844000000 3.822000000 11247.000000000 
46.328133333 6.451733333 4936.133333333 
51.708615385 -0.523230769 3352.000000000 
47.089400000 0.734200000 10966.400000000 
43.794600000 -0.966000000 11277.000000000 
55.763769231 12.883384615 1291.384615385 
52.312064103 4.773115385 38.038461538 
51.126461538 0.912615385 3352.000000000 
50.775000000 3.319000000 8138.000000000 
46.958600000 5.245200000 10244.000000000 
56.155111111 7.536888889 11590.000000000 
57.467500000 14.374750000 11582.000000000 
58.530375000 18.697500000 11574.000000000 
54.713000000 -6.008000000 1104.000000000 
54.394090909 12.314909091 7467.090909091 
49.661666667 2.245333333 11582.000000000 
51.174000000 1.068000000 4183.000000000 
52.032000000 4.641285714 1526.000000000 
54.926500000 10.233625000 9420.875000000 
49.046363636 2.614363636 10050.000000000 
42.649533333 -2.946800000 11158.666666667 
47.367142857 -1.121785714 11582.000000000 
44.968000000 -2.942178571 10973.428571429 
43.936125000 -7.409125000 11582.000000000 
47.498294118 7.956470588 10970.352941176 
52.567818182 3.733363636 3345.363636364 
37.036444444 -4.602111111 4236.555555556 
56.086333333 37.677666667 1076.333333333 
56.924323102 23.971510501 180.756058158 
50.797142857 -1.199857143 5379.285714286 
43.587083333 22.682833333 9328.833333333 
51.465000000 -0.044400000 1332.000000000 
52.890750000 -2.746000000 10066.000000000 
48.087454545 2.766272727 10668.000000000 
41.239888889 2.053222222 564.888888889 
48.142812500 -2.413187500 10972.000000000 
46.825000000 6.149818182 10370.000000000 
54.591235294 9.821823529 10604.411764706 
56.130272727 36.789545455 4052.909090909 
51.426076923 4.424307692 7711.384615385 
47.701000000 1.229000000 6728.000000000 
41.885785714 -4.392428571 10972.000000000 
39.494571429 -0.497714286 389.571428571 
40.485000000 -7.649222222 6400.000000000 
55.646000000 10.786000000 11582.000000000 
49.194952381 1.445142857 12192.000000000 
56.705500000 10.970300000 9448.000000000 
51.468600000 10.499200000 10988.000000000 
50.925000000 3.354000000 7932.000000000 
53.433444444 -5.044888889 7564.444444444 
48.029769231 40.383769231 10356.846153846 
55.375666667 32.856000000 10058.000000000 
37.418000000 -5.843333333 85.666666667 
44.902200000 10.520800000 10735.100000000 
54.396833333 9.644083333 10363.000000000 
49.263111111 9.559555556 10370.000000000 
55.623000000 12.664000000 190.000000000 
43.915250000 14.639375000 10972.000000000 
55.650500000 35.601062500 6284.687500000 
53.356993197 -2.275993197 373.000000000 
39.977923077 0.159846154 9938.615384615 
54.026777778 6.937444444 11277.000000000 
40.752400000 22.858200000 2719.800000000 
48.808500000 -1.409375000 11583.000000000 
33.766454545 -7.737000000 3960.727272727 
55.617945578 12.640000000 0.000000000 
40.522066667 22.974555556 22.000000000 
50.910000000 4.575000000 350.000000000 
50.634384615 6.425461538 11574.000000000 
44.929857143 8.241571429 12192.000000000 
49.505666667 1.371666667 8848.666666667 
51.948500000 -0.306739130 10972.000000000 
51.733909091 -1.285454545 4572.000000000 
41.571333333 3.650333333 10363.000000000 
51.929800000 -3.416600000 11582.000000000 
46.922000000 40.103250000 10668.000000000 
54.083000000 -4.223000000 8717.000000000 
56.309083333 37.552000000 2891.000000000 
59.650380368 17.958822086 122.797546012 
53.278000000 -5.878200000 1558.800000000 
59.043000000 4.977000000 9144.000000000 
50.787058824 0.573882353 3862.941176471 
42.810769231 -1.647384615 11887.000000000 
54.486789474 10.136368421 10972.000000000 
54.637222222 38.083888889 9918.888888889 
43.423000000 39.821000000 1192.571428571 
55.260823529 33.617176471 11277.000000000 
55.643416667 12.696166667 517.416666667 
51.287333333 -0.482166667 3658.333333333 
51.290250000 2.660875000 8804.250000000 
56.289000000 37.562500000 2430.666666667 
56.118333333 37.650916667 1188.000000000 
55.477142857 12.808714286 823.285714286 
48.238466667 13.425800000 11879.000000000 
48.767909091 4.072863636 11569.863636364 
53.522866667 5.677666667 10668.000000000 
51.092888889 2.676555556 6660.111111111 
38.607000000 -2.402500000 10044.750000000 
55.984166667 37.505000000 402.055555556 
52.063000000 -1.317181818 4834.454545455 
40.488701195 -3.580577689 451.936254980 
37.225083333 -8.461166667 10250.750000000 
52.205200000 4.792700000 1379.700000000 
45.283076923 16.422461538 12496.000000000 
47.334500000 0.838000000 11277.000000000 
39.487631579 -0.250578947 840.894736842 
50.133588235 -7.374235294 10965.000000000 
57.789117647 18.534647059 11582.000000000 
40.278888889 -3.339333333 1518.611111111 
36.711000000 -4.550000000 754.000000000 
48.950707317 2.011426829 8816.182926829 
52.114500000 7.669500000 10972.000000000 
48.594200000 40.402866667 10363.000000000 
46.660140000 -3.415800000 11582.000000000 
56.128000000 30.568000000 11277.000000000 
41.778636364 -5.730818182 10972.000000000 
48.210363636 -2.010090909 10972.000000000 
49.488090909 9.247454545 7315.000000000 
51.158750000 -0.583250000 3956.500000000 
52.945600000 -2.748200000 5791.000000000 
52.574842105 13.443526316 655.315789474 
50.052714286 1.623285714 10343.285714286 
50.106578947 8.789631579 1201.894736842 
55.928333333 7.448666667 11274.333333333 
50.393200000 5.273533333 10186.666666667 
53.297769231 -2.487923077 10973.846153846 
49.226333333 16.469000000 10972.000000000 
48.544000000 9.105000000 11841.000000000 
55.677333333 34.198416667 9943.916666667 
40.850571429 -2.779142857 5023.904761905 
36.777555556 -7.777666667 11574.000000000 
38.764102996 -9.134029963 0.000000000 
55.751000000 12.863800000 1086.200000000 
51.805000000 -7.918333333 4919.333333333 
34.659461538 31.628307692 9753.000000000 
52.372888889 39.862055556 10363.000000000 
49.332473684 4.942789474 11582.000000000 
40.335625000 33.573906250 10363.000000000 
60.352545455 25.204181818 2647.000000000 
48.421266667 4.639333333 10972.000000000 
47.726181818 0.717909091 11282.818181818 
43.253636364 -6.372000000 11887.000000000 
51.216000000 0.268000000 3657.000000000 
45.311714286 -0.483928571 11582.000000000 
47.050600000 7.469000000 6516.200000000 
40.605750000 -3.770750000 3684.000000000 
59.947250000 21.216833333 5486.000000000 
56.232777778 18.316222222 12187.555555556 
51.305400000 3.569800000 9738.000000000 
42.695714286 -2.588000000 10363.000000000 
49.928727273 12.881000000 11582.000000000 
48.356538462 -2.607846154 11582.000000000 
52.631000000 -2.439666667 9059.333333333 
54.892058824 10.778352941 9493.411764706 
48.290666667 14.193333333 2081.333333333 
50.064142857 8.612857143 374.857142857 
51.454923077 -2.991230769 3232.076923077 
45.460057047 9.278395973 79.278523490 
48.560000000 -2.012500000 10970.500000000 
45.442166667 1.349666667 11277.444444444 
53.431649852 -6.250501484 95.940652819 
55.608062500 5.059000000 11285.000000000 
51.131500000 -0.759000000 3954.250000000 
46.306428571 6.210142857 951.142857143 
52.224818182 1.943636364 9396.363636364 
51.346437500 22.783875000 10668.000000000 
52.185333333 8.594666667 11582.000000000 
52.086181818 39.087909091 10668.000000000 
58.847307692 14.294846154 11277.000000000 
47.770500000 6.192500000 12192.000000000 
43.961200000 8.338400000 10972.000000000 
48.029000000 4.533000000 10972.000000000 
47.980000000 7.138090909 5916.909090909 
51.379583333 -0.202666667 2285.833333333 
53.657333333 26.529333333 10058.000000000 
48.514200000 15.850400000 3972.800000000 
54.331727273 38.235818182 10058.000000000 
42.004238095 2.321666667 4473.095238095 
40.793538462 -3.258538462 10363.000000000 
52.022500000 1.109000000 7322.500000000 
51.308000000 -0.708400000 3930.800000000 
43.730307692 0.729769231 11582.000000000 
56.492750000 17.557687500 11582.000000000 
43.307333333 8.430916667 10976.666666667 
48.480461538 3.735076923 11567.000000000 
52.960000000 -1.347000000 10980.000000000 
54.193000000 8.724000000 11590.000000000 
51.771333333 2.703333333 10972.000000000 
50.293500000 -1.544666667 7529.000000000 
53.380909091 -1.855545455 10370.000000000 
54.015769231 6.930923077 11277.000000000 
54.349937500 -5.046375000 4655.625000000 
37.418000000 -5.842820513 88.487179487 
44.994000000 20.211333333 2105.333333333 
37.942090909 -4.466363636 7892.000000000 
46.155789474 5.982315789 2343.736842105 
52.933857143 -1.949714286 11277.000000000 
39.288285714 -0.818000000 10675.000000000 
41.305666667 1.839000000 3466.666666667 
51.166666667 -0.052333333 487.333333333 
49.458850000 3.170450000 11277.000000000 
46.938470588 40.113117647 10668.000000000 
38.600727273 -2.483181818 11277.000000000 
53.725400000 7.177800000 11277.000000000 
59.820764706 17.940176471 1025.352941176 
53.562736842 -1.868421053 1626.947368421 
32.430125000 33.636375000 7095.687500000 
48.881000000 5.684000000 10972.000000000 
51.464571429 -0.452428571 0.000000000 
56.545846154 14.006769231 6355.692307692 
54.458142857 24.513428571 10973.142857143 
51.025500000 2.783125000 9057.125000000 
51.183071429 0.066785714 1213.714285714 
56.362400000 37.418600000 2133.000000000 
53.480900000 16.543500000 10959.400000000 
41.348909091 11.263363636 7049.090909091 
51.619333333 -0.542047619 3345.000000000 
51.911000000 5.115000000 11643.000000000 
50.555800000 11.793000000 11569.800000000 
55.972000000 37.441956800 123.427200000 
53.456400000 -5.451600000 6009.800000000 
43.387000000 -2.940000000 1303.000000000 
53.813090909 21.355727273 10668.000000000 
50.876285714 -0.192428571 2857.928571429 
56.845600000 14.511400000 10668.000000000 
56.480000000 27.188000000 10744.000000000 
52.581000000 -2.311333333 9441.000000000 
54.414000000 -3.148875000 10058.000000000 
50.102500000 1.584250000 9846.500000000 
55.975245033 37.367900662 0.000000000 
48.674000000 3.272818182 11574.000000000 
54.788846154 9.582615385 11887.000000000 
46.721200000 6.284000000 11582.000000000 
58.234636364 6.719181818 8099.181818182 
46.339036585 6.017987805 4325.475609756 
49.460400000 2.988400000 10966.400000000 
52.438800000 4.389600000 1726.400000000 
51.928636364 4.423545455 8069.363636364 
49.211500000 11.526500000 10966.750000000 
51.579300000 -1.162300000 4572.000000000 
51.596111111 -3.182222222 9429.777777778 
44.528266667 -1.091000000 10972.000000000 
50.906000000 4.419000000 914.000000000 
52.347888889 2.339777778 10675.000000000 
50.345666667 40.550222222 10972.000000000 
42.578200000 -2.349600000 10363.000000000 
58.539500000 14.170083333 10668.000000000 
51.394692308 0.053153846 3111.846153846 
47.897000000 4.062000000 10965.000000000 
56.668800000 21.986000000 9876.500000000 
42.990500000 -4.797500000 11582.000000000 
59.103272727 17.604454545 10957.000000000 
47.787000000 9.039000000 5074.000000000 
52.050666667 1.336333333 8999.000000000 
51.464000000 -0.484909091 532.636363636 
43.642555556 7.290444444 1119.666666667 
39.959000000 -3.851181818 6103.000000000 
51.799066667 2.099666667 8055.533333333 
46.399117647 0.313058824 11054.529411765 
49.782000000 5.302000000 11277.000000000 
40.413900000 -7.682700000 5173.800000000 
49.768695652 -6.886478261 11269.000000000 
40.398400000 -3.354000000 2387.200000000 
47.920500000 0.735300000 10370.000000000 
52.049708333 -0.065208333 1615.000000000 
52.088428571 6.137000000 11582.000000000 
51.960500000 40.068250000 10986.000000000 
46.856400000 6.228200000 11582.000000000 
45.724362069 39.643793103 6618.568965517 
51.652071429 -0.446500000 1925.500000000 
54.750000000 11.642500000 10660.000000000 
47.461528302 8.563471698 632.000000000 
54.275125000 38.879375000 9758.000000000 
49.150750000 3.106500000 11582.000000000 
46.153000000 -4.634000000 11879.000000000 
38.768000000 -9.130715779 75.872623574 
55.116285714 27.789714286 10480.000000000 
46.554888889 9.919888889 10957.000000000 
46.373705882 17.061117647 10660.000000000 
56.443800000 13.041000000 2258.000000000 
49.049000000 2.752545455 11590.000000000 
51.478000000 -0.210000000 1104.000000000 
38.566500000 31.160700000 10363.700000000 
36.078000000 28.431000000 10972.000000000 
36.783333333 -4.664666667 2345.166666667 
52.600000000 3.971400000 2133.000000000 
55.298166667 12.695666667 3062.833333333 
34.726000000 -6.602600000 9870.800000000 
46.474461538 6.425769231 1926.153846154 
52.253111111 21.069555556 2266.555555556 
46.940625000 5.220250000 9202.250000000 
59.761000000 17.999000000 853.000000000 
50.892615385 5.088923077 2431.076923077 
55.622125000 34.864250000 7607.125000000 
35.462818182 -5.450363636 5791.000000000 
52.332692308 5.528307692 2761.692307692 
42.241285714 -2.029464286 10668.000000000 
55.539400000 12.499200000 1922.800000000 
50.251941176 1.735529412 11319.411764706 
52.531500000 12.131500000 10976.500000000 
50.847000000 0.794000000 7231.000000000 
53.245000000 -4.427666667 9577.666666667 
53.007222222 19.698555556 8809.888888889 
58.550416667 17.496250000 8705.000000000 
55.236000000 11.604947368 6591.736842105 
39.059000000 -8.809833333 2366.416666667 
40.771000000 -2.600500000 8534.000000000 
51.465000000 -0.204411765 1007.411764706 
44.962263158 -2.852368421 10362.578947368 
45.002000000 15.327000000 10980.000000000 
51.295000000 3.705000000 6362.000000000 
42.899250000 0.930250000 11582.000000000 
49.717857143 -1.591285714 9730.285714286 
48.628125000 -1.398375000 11574.000000000 
51.328111111 -0.353888889 2743.000000000 
45.002605381 39.592726457 2661.385650224 
45.360823529 -3.733382353 12192.000000000 
48.547187500 3.382562500 11581.500000000 
51.680133333 0.609133333 4090.133333333 
50.054580645 0.711032258 10668.000000000 
54.199100000 7.477100000 10683.000000000 
37.515800000 -5.637000000 921.800000000 
55.396250000 38.008875000 5675.250000000 
55.490785714 5.891714286 11269.000000000 
52.508777778 5.631333333 3896.000000000 
51.979000000 -0.719333333 3837.333333333 
44.776166667 9.334000000 8960.500000000 
60.156545455 -3.503636364 11277.000000000 
50.042000000 40.058461538 10364.076923077 
55.409888889 12.111111111 5668.000000000 
51.334000000 -0.034727273 2438.000000000 
52.153800000 -1.314733333 5135.200000000 
42.492400000 1.524400000 10376.800000000 
47.207666667 15.991333333 11277.000000000 
53.735875000 37.976625000 10972.000000000 
49.849555556 2.756666667 11574.000000000 
38.609411765 -8.848235294 2929.764705882 
58.054000000 13.414000000 10972.000000000 
55.807500000 36.380500000 2491.000000000 
55.969000000 37.400566667 216.966666667 
40.534266667 -1.984533333 8528.933333333 
55.953684211 32.115263158 9448.000000000 
42.189600000 21.187000000 10972.000000000 
43.155500000 -3.193187500 3927.625000000 
54.198000000 -4.573000000 7970.000000000 
55.567625000 12.563500000 1007.500000000 
49.354153846 19.341461538 11277.000000000 
49.682333333 2.141000000 11033.333333333 
46.671280000 6.500200000 3110.320000000 
55.659142857 12.707628571 593.885714286 
41.707769231 -5.538461538 11589.384615385 
44.758500000 3.537000000 9692.000000000 
55.289357143 11.763857143 6751.642857143 
51.874258065 -13.173354839 11277.000000000 
53.383153846 -3.158230769 8826.076923077 
50.213909091 39.919000000 10370.000000000 
52.156230769 7.368153846 6124.461538462 
40.457692308 -3.587000000 6145.692307692 
53.407916667 -6.044666667 957.083333333 
43.865238095 7.820523810 10972.000000000 
50.665181818 8.906181818 8486.727272727 
53.418500000 9.525500000 4503.000000000 
51.478000000 -0.087666667 1501.000000000 
40.431428571 -3.279714286 11582.000000000 
45.221250000 -0.470416667 12192.000000000 
55.850160000 36.647960000 1558.640000000 
51.396000000 0.104800000 3140.200000000 
43.249500000 0.676400000 11590.000000000 
47.446500000 -1.111812500 10355.000000000 
36.471823529 -5.932705882 11582.000000000 
53.968500000 -3.921000000 10024.000000000 
40.752333333 -1.219333333 8822.111111111 
49.385642857 3.126214286 10364.500000000 
48.308230769 16.572076923 1295.923076923 
35.984000000 33.632500000 10972.000000000 
48.635000000 -1.403000000 10355.000000000 
55.618943855 12.649401747 78.133499688 
49.130000000 -2.281000000 10927.000000000 
40.838333333 -0.508444444 9441.000000000 
52.802500000 26.043333333 10058.000000000 
39.534363636 -0.595363636 1413.181818182 
52.170250000 13.041250000 1870.375000000 
49.345529412 3.767764706 10995.058823529 
56.791117647 8.950823529 11582.000000000 
52.279168044 4.705658402 583.845730028 
52.007500000 1.795100000 7010.000000000 
38.980888889 -3.559277778 10347.000000000 
60.256181818 24.067545455 6091.727272727 
54.722428571 -5.700428571 996.428571429 
51.663666667 0.508888889 7474.222222222 
50.638500000 3.184500000 8781.500000000 
41.782722222 1.645055556 7460.444444444 
55.406400000 13.395000000 2658.600000000 
51.608000000 0.097111111 3352.000000000 
40.172538462 -3.535692308 4167.615384615 
56.786727273 23.077000000 6542.545454545 
53.577600000 7.777000000 10929.600000000 
55.131000000 37.359500000 7341.250000000 
51.571428571 1.494857143 5339.285714286 
51.472882353 11.695117647 8373.764705882 
55.707600000 12.795000000 814.800000000 
50.723285714 4.658857143 8980.285714286 
49.485100000 28.924900000 10058.000000000 
45.051210526 3.244210526 10668.000000000 
52.363388889 4.742944444 558.777777778 
40.414050000 -3.476050000 895.600000000 
58.791181818 21.171454545 11582.000000000 
32.059105012 34.739169451 13051.443914081 
53.967071429 16.231428571 11582.000000000 
42.975875000 -1.264125000 10668.000000000 
45.379700000 4.084200000 9200.500000000 
53.227200000 -1.857200000 11887.000000000 
54.810818182 -1.323727273 10468.181818182 
48.781950000 9.551350000 1711.700000000 
49.191000000 6.559000000 9441.000000000 
52.904333333 6.602000000 10363.000000000 
43.948470588 7.703000000 9448.000000000 
48.047772727 40.384363636 10972.000000000 
45.060608579 -5.309635389 11277.000000000 
53.373909091 5.453272727 11267.727272727 
45.811588235 5.621411765 10972.000000000 
48.031666667 5.608000000 10814.666666667 
37.665250000 26.550000000 11582.000000000 
54.701000000 8.987500000 11887.000000000 
40.338000000 -3.399000000 1478.000000000 
55.970000000 5.124142857 11277.000000000 
55.844000000 12.695000000 1782.500000000 
46.376000000 40.487000000 10668.000000000 
45.601307692 5.751230769 10957.000000000 
54.105882353 8.163529412 11887.000000000 
50.373500000 0.066000000 8229.000000000 
54.440384615 11.890153846 9280.538461538 
40.589142857 -4.151142857 5241.857142857 
51.720800000 1.200000000 4881.200000000 
41.884125000 3.290000000 5720.812500000 
50.380846154 1.963076923 10976.923076923 
50.021984881 8.539984881 251.049676026 
50.197789474 -1.934105263 9460.473684211 
51.477000000 -0.408833333 296.277777778 
44.418250000 -3.732250000 11582.000000000 
38.551285714 27.079142857 1445.142857143 
39.348000000 0.029000000 5890.000000000 
52.013842105 -0.439157895 9540.263157895 
42.445000000 -6.712272727 11595.727272727 
54.484000000 8.410000000 11277.000000000 
55.374200000 11.383550000 4942.950000000 
46.674300000 10.825600000 11581.200000000 
44.196666667 -5.820000000 10668.000000000 
49.849000000 2.569000000 10363.000000000 
51.645533333 0.152666667 2743.000000000 
50.288571429 7.375142857 11278.142857143 
48.854666667 14.561000000 10668.000000000 
38.686666667 29.080000000 11887.000000000 
48.708777778 -1.413777778 10370.000000000 
51.936176471 0.044352941 2324.647058824 
48.109542857 16.575542857 1630.171428571 
39.716052632 -8.674631579 8922.736842105 
46.285750000 -2.710750000 10972.000000000 
46.838058824 13.568941176 12188.235294118 
50.752473684 1.002263158 7490.736842105 
55.107857143 32.005214286 8987.285714286 
45.358300000 5.980500000 10972.000000000 
39.108941176 -9.030294118 2649.000000000 
50.983153846 4.890769231 1001.923076923 
50.976666667 -4.243333333 10668.000000000 
41.046272727 1.068181818 6831.272727273 
48.484500000 3.291333333 10978.666666667 
47.879750000 0.965312500 10976.500000000 
50.018055556 40.459444444 10363.000000000 
47.572062500 10.611437500 8839.000000000 
53.112727273 -2.629818182 10050.000000000 
