3999822.419957455 343046.389859187 4948842.603701018 
2975663.702359664 1297500.525491857 5493031.951921683 
3819026.626218332 -22062.914353471 5110288.092630557 
4436918.284899185 -284201.048507228 4579763.351083073 
3799871.384913384 327300.522601859 5117353.957930797 
3972283.863352637 43679.302639512 4987175.447993501 
4816028.231346641 2101.388871008 4187985.822253695 
4150534.800514466 -171781.964708269 4845288.439604325 
3905132.972031455 -39941.645561204 5040722.574745275 
3958175.616176231 -45527.834376980 4995379.631163768 
3968440.580299259 -37333.510282674 4985125.429086820 
3904896.704764534 35713.327231618 5043818.595962501 
4024382.590492850 -106506.765362832 4947381.066553698 
3431449.924152457 1449289.473051716 5182486.965354045 
3946949.843956233 -40162.664624594 5005503.528918955 
2888922.352049498 2091615.256650385 5285730.696319303 
3979748.129010900 292743.278331867 4981671.459587310 
4956048.181758082 -429153.142928119 3999819.259525525 
3972784.453392088 -31480.187656027 4981411.885291184 
3731486.080720278 745285.865689852 5124247.612529838 
3083782.674962277 1968068.666735221 5229031.071072590 
4800747.593512105 184090.470432788 4189855.829982647 
3316568.549147319 1590741.891441329 5214940.052948309 
3997870.302494067 -43541.945431379 4964830.347712603 
3531985.064623960 744305.994296099 5254296.831406480 
3266949.450401335 787763.404489502 5425141.156623810 
4920256.760064673 -769963.772422920 3978011.495533183 
4034092.000399855 -54287.989553781 4938280.875383770 
4845007.060373418 -280888.541401769 4145414.734419335 
4274243.406575290 -94980.946222055 4738711.190020702 
4236931.928747209 1368246.740488108 4571454.009962927 
4181785.758264396 275041.626693218 4812330.014781096 
3888392.263965277 675346.733311670 5016140.486276699 
5048865.232461845 -197576.161972059 3898154.689963238 
4248891.246560488 445601.795894664 4741089.413118161 
4301745.348861117 743427.047118301 4656121.206396340 
4042249.133345771 436701.910802146 4914322.530519046 
4327525.319977758 330097.956231309 4679009.142225234 
4704988.086658947 1316400.782804781 4106548.173911192 
4337353.459979056 862831.941458205 4603045.308583348 
4327265.481973688 -343071.056634341 4679159.198693587 
4567261.677924571 -326984.773671311 4445533.526128530 
4331728.356648004 386139.230177135 4667221.201103050 
4081214.082592334 473078.812262836 4878012.824548844 
4237765.070192525 1541666.538137974 4504915.036530969 
4064723.996017910 1278483.420016074 4737521.671112565 
2853396.511430813 2233089.506549574 5245074.104728516 
3962776.648517948 7123.848177907 4992623.727759984 
2987803.168332263 2393082.445227246 5106062.582839430 
2959783.659005525 2329036.425578554 5151035.936544817 
