3914232.192380260 321120.695431600 5027724.486188613 
3068615.118493620 1014490.941827052 5494019.348274927 
3155938.519423464 1002335.288132345 5449967.223230235 
3906191.389784906 748255.214063144 4986450.160206416 
4731568.437175617 -353277.065862273 4268584.428990509 
4618559.197057050 70619.043295467 4404246.087440253 
3950555.166581237 373715.678888467 4999080.260795503 
3184252.142953934 1118229.760678789 5412301.057004363 
3926808.046239732 211637.285150235 5024877.816875762 
3878948.086624831 345299.796394960 5043528.667145668 
4275562.889563687 154610.847478984 4735118.153272592 
3891363.956599108 -94559.227043556 5047602.035829118 
3756535.145721960 882816.809921995 5073392.611783544 
5389044.144084811 -1222976.105615844 3188164.590763612 
4266102.586273210 -269895.502745995 4739302.147544459 
3956821.803521747 -209030.262220622 4994570.350247545 
4075400.836324274 -249476.379742009 4903561.998466750 
4749200.513735459 -716383.885661954 4203016.573061273 
3714664.790097510 -304095.648772303 5174970.092139333 
3907862.891551201 -60366.291530420 5043311.500013157 
4390935.159820955 91363.622442754 4630023.425034399 
3867083.888993825 -300203.852775240 5063805.765536361 
3489929.019787335 802570.511938328 5270700.002309206 
3522576.292496269 779646.417911731 5251772.169589009 
4103642.713147364 558991.911448506 4856839.608277865 
3958163.702427826 503752.627199536 4980447.756737984 
3846251.206837798 -550896.016128258 5056007.998067427 
3922116.902969216 923535.938936878 4949498.971983341 
3961391.463633847 14934.164733505 4993948.143751254 
4891808.041664957 -696730.035508938 4030211.894047604 
3962946.654163610 -202557.201659797 4994691.302403904 
3891617.963485483 -14195.666221286 5058514.388045826 
3824875.473213303 -41123.693512738 5109021.057010059 
3743147.907732561 500174.009062537 5145485.661064430 
3650967.809158024 622038.464098994 5197213.350346243 
3626293.821270326 717367.813245045 5200809.121729587 
3696092.967311303 1283717.119702338 5038559.944545273 
3132223.339425955 960666.257184315 5473536.046392935 
3145690.383109809 1565642.301102364 5326489.353217403 
4949496.289309555 -710676.311023943 3966708.793166490 
3977874.273892450 -16732.006474700 4979653.425782556 
3406411.757363395 689575.807160761 5350790.672992078 
5247513.745416611 -678180.588382853 3557520.192015839 
5271755.420960723 -703589.647913171 3508503.117416977 
3988605.468541780 282408.413614228 4973243.909274761 
3061077.135120435 1978556.994126580 5234683.571930176 
2921250.943127660 2098899.822698886 5266427.199941753 
4180243.305078848 1199139.240778585 4669597.045388117 
4673122.300487136 -287048.421082799 4328992.507910321 
4031973.782994615 661272.684831148 4889904.911612934 
4689313.551172711 95361.356962187 4327462.431103281 
4513237.159789701 -8822.346253596 4513088.243367725 
5091871.675277852 -189113.214311008 3826138.470413230 
4284389.051671736 546942.906415717 4689324.074241606 
4803585.073669408 135183.131683516 4191354.948933901 
4726436.002574841 705021.299663441 4229498.266110796 
4696552.465649717 -198978.882771346 4316522.784649079 
4407092.537870843 16691.345531709 4613403.756703229 
5073407.054021056 -407305.443199684 3838591.361631673 
3930516.180984052 -9604.081926288 5015491.673313984 
3978286.004415313 -15969.949334909 4978917.399366601 
4792642.479186567 -250668.489181892 4207742.430561987 
3058376.723217603 1984008.816056777 5235683.957479743 
4575086.377375594 585595.124186976 4396639.955400568 
4003010.405153746 29413.993929977 4962005.085853997 
4397023.606545669 386081.696180326 4609413.296303408 
4326251.763824985 312917.839079739 4680525.583522844 
4240745.778539532 -115417.833733344 4757791.872239100 
3972530.854947177 203394.652704388 4986033.640176219 
4256921.158628111 454482.763318755 4733848.173795443 
4115505.685515968 160403.754569383 4875294.088917077 
4636668.652424349 919346.649770845 4282814.865961580 
4612157.494399345 752129.168617352 4347361.938698793 
3879772.411466071 337184.523643762 5043125.302984537 
4602177.872045941 972096.251450793 4306092.240602263 
2918860.025576670 2100737.172456018 5266734.498891705 
3860566.282238341 323230.861794201 5059022.079290839 
3954463.199087514 147837.217018735 5003531.064351126 
3912605.662641006 592145.078017985 5007039.818498812 
3838825.829288043 970516.833164560 5005105.387273998 
3582671.988482981 -190518.845611713 5268107.348466828 
4797353.782876782 -645729.063914224 4158151.559972686 
4107451.305088863 1011395.609315454 4779453.270328858 
3983478.781618490 -7717.264721698 4975584.093377328 
4333785.640188591 534118.336489892 4651069.057713552 
4004074.523773938 1364268.008287278 4772200.334175460 
3367950.101416485 2841406.060882960 4615746.683832993 
2866689.027064536 2270399.478748751 5226612.433081890 
3333380.192958445 2817024.391673623 4656448.933972343 
3550775.399059339 2967435.182188944 4380133.735567701 
2991565.930907824 1861723.604068367 5321098.111468186 
3379788.233329932 1104228.060497386 5300477.796857442 
3877918.581571809 354351.388784567 5044163.742306801 
2866679.652559178 2111336.889602801 5289676.272111041 
3095826.901526798 2574863.463810399 4950930.189786795 
3279215.189742041 2787674.367365940 4712650.959452119 
2879360.290592659 2190071.686575380 5253047.655149820 
3066192.887699862 2515016.384742466 4999892.955406217 
2920931.618515167 2292444.103021530 5190235.541543773 
3383238.229245696 2815708.027932148 4620733.042259950 
