4849727.215196176 -287192.530328268 4124156.373088342 
4132559.938908169 590873.372421110 4828463.882423066 
3532009.193514074 1290085.843674861 5155443.033264725 
3174938.766219256 1574810.262518949 5305643.518794600 
3917094.762369650 94842.447436617 5029219.391674665 
3871538.332133293 521870.060034428 5047384.812825175 
3869184.668956455 568936.611490476 5044122.940384984 
4080629.534557943 634924.009449493 4860488.212517133 
3509503.418909582 1340289.408966290 5157994.886798429 
3475005.736273468 1389199.651569454 5168400.203187617 
2810967.077549173 2153036.154229003 5298746.604634575 
3972616.919243954 205067.503226193 4990535.624902527 
4383400.674991511 665666.189037361 4590865.347145073 
4186316.030390429 239842.029866697 4812325.877283721 
4774945.559779939 195955.420118386 4214706.743601988 
3721849.833641468 654521.250530401 5129596.404196737 
3791436.991395544 534201.387579573 5104419.466450084 
3805452.676482590 499848.723605383 5098380.819178042 
3785725.875589418 539664.959559769 5108854.287562044 
3971562.231428720 -92762.791440946 4995552.383321890 
4740390.301757012 -72399.119731389 4272811.470121187 
4779887.330355353 -215047.128475539 4219042.341648019 
4784748.272388448 -216102.615264649 4218168.243951460 
3746772.322537619 762698.055163279 5107410.237030134 
3720734.577773193 655463.287876571 5130389.457452325 
3859889.100542594 1137857.458720568 4953786.051080069 
3631236.682473073 790542.698628419 5182833.002572651 
3190908.911440099 1009335.767024886 5431545.571402070 
3954673.057880830 276.088263248 4998330.960895923 
3972240.005348066 158777.799634608 4991158.654649298 
3873593.073956117 347685.279406111 5047814.700863384 
4217130.185300770 1488396.006156101 4554319.503978576 
4074665.692690068 761154.510128216 4849059.461018709 
3648348.051547422 1422504.821701146 5039028.907699590 
3401143.623827882 1659289.499267695 5138547.155562446 
3981962.812503911 455025.016172722 4959926.661729380 
3784773.330795652 416305.110565644 5122453.892046166 
3963123.941809035 10098.777829469 4991816.873548785 
3958128.087107844 5250.262996740 4997322.581433228 
3938374.064235818 144138.301710485 5016593.636073752 
3813385.270479746 427672.299150932 5092628.487869802 
3635341.009471438 634599.336991157 5207584.124435204 
3153147.856077354 1071208.778641545 5444953.933413953 
3848870.368479225 389460.944959141 5066047.839475869 
2944278.631158747 1191299.632700679 5534229.520621475 
3096973.253842353 884358.656814225 5510355.652571515 
3036095.789238689 1157733.184772768 5493243.212408131 
3193432.867840684 1121140.763935555 5410897.623519856 
3155589.620880817 1152221.993648845 5426986.556676747 
3047933.006351075 1169198.475764504 5483853.200246125 
3058865.704581283 992292.324287603 5500519.566162578 
2871353.902728522 1312245.040458385 5537732.461364223 
3484414.507479214 736314.030846168 5295872.335775426 
3539115.945714356 1677015.105132221 5040190.979984562 
2850300.131488689 1338637.559959823 5540529.183157902 
2901188.497369849 1332312.377744063 5519527.783956146 
2779800.899295474 1898669.751364377 5423007.153812266 
2831724.501568464 2166113.446646172 5280269.781043340 
2779798.577876649 1901657.991948001 5419807.925329020 
2763157.644388801 1820721.536376464 5456000.019756842 
3933492.760276689 -102933.433470069 5017204.499312933 
4017027.920709498 -10166.024390386 4948612.004047642 
3885053.945238059 -110487.347491295 5050166.249603524 
3944374.770799633 287649.657584907 5003038.686835295 
3411731.022712340 424046.546186462 5377891.212820648 
4068237.898943318 1136025.510903316 4775900.702152644 
4048805.538630668 644093.173121071 4891398.307173671 
4442871.932709192 2316066.063616728 3953503.090075535 
3659655.453261628 -380512.738485996 5202354.325809259 
3658559.894722443 -380527.916693128 5203319.669048760 
4040502.483561955 -281405.641069271 4931605.712250734 
3845567.801689518 496585.827833647 5069355.815738782 
3936337.177178496 -32977.752726536 5019290.492748107 
3993538.086468148 -3833.522540186 4966784.417636249 
3556284.032192208 -264090.320514512 5280760.101203356 
3603242.757082397 635024.702466519 5229346.644796706 
3944105.550694363 47982.193569473 5013155.129130075 
3517788.459535345 739390.806401268 5263840.004647769 
3496947.021972849 784031.671584591 5269189.148754910 
3782052.389743145 340999.286719927 5128887.371537678 
3993554.842423671 -14637.208524108 4965948.851407662 
3188982.540870188 833759.066735635 5465208.542160604 
5213595.938623223 -709909.989492003 3606543.757484013 
4707970.258895945 -334828.672852124 4296099.116921342 
4034060.029204122 -14715.259881245 4938179.302778330 
4259168.049230309 -220306.555914794 4748095.645052408 
4001994.099408763 -32480.020872983 4959711.869951977 
4777361.505992107 15342.099303829 4232921.433678492 
4691652.304263056 -331116.977841799 4313275.386349458 
4092397.548524465 -142480.595553418 4893424.934281785 
4568092.184285097 518207.117155168 4426023.231053712 
4035634.554680208 524567.160617156 4914914.468679707 
4916506.728477300 -805020.742839227 3972933.275922969 
4202992.503949258 1453527.407570404 4576865.351175192 
3285769.831804253 815580.633933519 5411798.778961913 
3967352.868587438 -57545.275662784 4988349.469321884 
3842293.270163559 272588.134536441 5088021.264113365 
3937381.899155504 18073.560064117 5018334.543437116 
3616514.211189515 326392.119724727 5247854.762345266 
3647469.813917010 284307.911414057 5229588.193424085 
3966636.011457308 -43271.002945409 4987398.952474041 
3637279.827884774 299422.309440505 5235838.179222198 
3932829.172587924 22308.505104376 5022118.687064793 
3697097.523576387 -172669.308458582 5199147.283190464 
4007892.687975205 220287.030496480 4962469.938475188 
4921616.632321022 -22419.641326736 4046877.003118437 
4475862.323895731 301602.197977424 4539730.418916402 
4246005.590857601 360054.872276834 4748067.257029613 
4104257.641399615 41046.968110311 4884232.798029064 
4023548.448739469 -17766.829989355 4947141.162133879 
4197630.624151975 750055.320923278 4748765.509420862 
4848002.227960430 -750856.966672197 4073600.102974582 
4872643.125071202 -781953.882037217 4033777.852805516 
4556891.118838499 -466809.777576379 4443232.405773290 
4015800.545642425 -98845.362406457 4953351.029142770 
4775810.099171320 -663378.096385375 4178717.994623871 
4079193.204688258 330210.546068795 4897397.409078733 
4075277.960439507 33857.239666053 4908691.107877864 
4377146.734927027 474660.052557336 4605987.357280080 
3969318.370424770 -32630.519771345 4983854.861749979 
4020872.065792984 -22386.839893033 4949346.901881728 
4128510.084125753 792485.263599539 4801379.958380562 
4236504.779561374 1606167.382113415 4494211.839200793 
4231862.622146825 1584417.776440534 4506299.464372162 
3752293.944857312 807368.084284936 5097680.661558668 
2818065.260945759 2112173.819278161 5313939.870027757 
3548729.240263493 1218324.015544969 5161395.787473121 
3572925.258882099 840259.220807868 5220512.799705565 
3618709.484270315 -221646.728625388 5253290.478444033 
3447330.307755440 -133035.636596431 5357091.824630801 
3892560.486092515 -135251.003161395 5051257.013719955 
3959395.653841127 -4975.525938517 4993548.284093649 
3798291.155805800 -164242.944949250 5121796.721382237 
3657049.540892938 -299957.365091359 5214929.138451087 
3856076.368750413 -73703.819091787 5083147.042398135 
3856548.769420427 239795.425076436 5077366.091183322 
4863333.194923033 -17570.480059299 4130274.037084611 
3846955.601145733 227203.722875458 5085665.765734217 
3992088.994292363 290008.583868232 4968112.560580379 
4154562.809074331 659207.434409127 4799845.115064146 
4101894.750357653 1030857.521839104 4777829.163235127 
4200405.730649280 1438038.416661632 4584986.032133904 
3390404.952883563 1502845.455229866 5194983.758196607 
3601290.926697759 768303.317206668 5212119.480564373 
4885209.065698707 -775838.887642497 4022007.268065638 
3945372.452364809 -224172.647376940 5010954.075700346 
3805723.392283818 -303193.065698061 5111513.020427548 
3994338.281952135 3904.005092817 4964762.494368175 
3919741.462724835 -113459.421240703 5028722.881542837 
3878837.074270623 -153891.611962603 5062633.899605546 
3873398.638112032 -136683.485233598 5066782.065249822 
3908862.374407663 -88704.496288660 5037122.410892379 
3956022.196730385 -16501.997126945 4997031.919340852 
3905906.856063286 -99551.112833547 5039279.001097322 
3856486.040089636 299719.708286055 5064778.774367512 
3871066.600957205 -424702.864225801 5053559.392061801 
4252419.997727266 559615.199700463 4727049.972864943 
4720489.821999328 -672413.597735431 4242439.804960143 
3845517.876288767 1093175.474070322 4973425.674762886 
3414225.885897109 849743.227990260 5324168.841441807 
3876630.477793787 -116545.554063356 5062816.765938145 
3839979.142293685 -546920.235090267 5061626.466376422 
3598567.701107547 695124.637286366 5225357.701120474 
3511323.660792921 786997.525336765 5257551.753625028 
3948068.510099985 205665.794566273 5006798.408836460 
3553033.184090550 743691.227418265 5243602.964185360 
3822561.004845884 392258.878402172 5095461.406519560 
3996397.213170880 -11439.078732430 4961840.511209401 
3932397.498207274 241617.993826872 5020478.424449332 
3866949.033914882 332398.324213332 5066140.851965027 
3957044.153433060 136246.924898203 4999806.599895742 
3995375.342953697 -2859.031126089 4963566.670156013 
3812503.586569224 396943.214375979 5102628.645682700 
3743823.864295562 493016.712045532 5144927.988180093 
3959688.967915584 68770.975225589 4998250.209492832 
3950666.757912199 63027.604745178 5003227.859118211 
3953241.395949001 34706.422101721 5000838.252939310 
3934664.860287917 219293.049415008 5020075.023815354 
3721342.363361496 524788.959251977 5158833.254682913 
3951529.093441596 61799.642898174 5004115.539835016 
3754103.179883918 517719.648880835 5134878.642000915 
3510684.027547180 787562.055354414 5258198.494600601 
3516308.781638290 783990.812976469 5255628.674741581 
3470949.114981199 824528.426805188 5287899.595368788 
3307958.882308997 348847.982782335 5444442.173317457 
4219766.871002802 591096.991249850 4751592.533672431 
4695935.831696325 -193780.277375076 4318782.504764506 
4161343.072820363 473242.311885098 4809620.339729596 
4815869.928767448 -252051.914939960 4180589.236710240 
3904118.231749826 409719.339314390 5032627.930041560 
3926022.465903201 280112.212846157 5024463.924854251 
3927093.852564801 273644.907654079 5023983.013942895 
3390490.141075180 1686595.732603724 5136697.178173822 
2826083.089279080 2171117.054153438 5281724.459402526 
3630670.355519176 594024.552244562 5215622.742071066 
5017513.008048632 -668944.391718895 3874603.305896825 
3970489.632260417 307325.008891955 4978101.085663700 
3304226.704649664 1232377.011179588 5319381.767743042 
3721358.472825277 552907.533085031 5156628.971958847 
3344103.914866372 1159895.702569256 5311944.189710653 
3921262.683181677 576943.918175404 5002817.973051913 
3114630.301981362 1674181.778617510 5313158.491787499 
3179957.753142946 1475480.154139756 5327427.502931484 
2821475.404113482 2132858.922529207 5302988.390825140 
5272360.662143932 -703483.108357899 3507823.792498892 
4621049.241839170 -366606.082483583 4388239.281721961 
4827090.257322067 -326623.519348239 4162916.010562662 
5222145.643891545 -651933.598722371 3604513.032563826 
3523544.991786422 604949.269684134 5284769.034940832 
5376644.040504018 -733640.794737437 3344261.788830930 
5322304.277005942 -759940.334580908 3432330.681310633 
4162697.973935915 1250215.629346863 4673998.228995241 
3955111.367505712 2208.951130351 4998168.566706309 
3983198.029951174 301945.230545804 4977200.934333244 
4023139.543857158 442382.004572272 4934390.841985203 
3682155.303660538 1093011.336040081 5097490.708744494 
4880130.631769534 -152000.160032112 4104313.112277241 
3129311.220525623 2179629.232309081 5116865.657507550 
3324541.391774355 1785219.037041207 5146455.273269623 
4011488.022975049 315429.166519625 4954373.953302320 
4121217.898726151 1180027.858198918 4728045.322643881 
4195587.581304836 1287605.799144436 4630733.720891998 
3319127.490684423 1796592.525510496 5145245.300005310 
4185499.650709665 -134898.364328425 4815159.724004468 
4186132.635012391 -135211.316794254 4814541.016510710 
4076670.223907600 -93295.660089150 4903991.075998985 
3980450.166807847 90190.035194160 4976805.618763411 
5035433.790701741 -500827.962257480 3872095.043953480 
4646240.007255637 115904.767255780 4374247.006640746 
4382924.196488179 802282.327039047 4569003.810108311 
4103644.835456369 898416.279176252 4802807.106344410 
3026561.002546560 1224530.852816575 5483657.933210702 
4549537.291258385 26044.929412397 4477295.188611670 
4684246.685330075 98693.521742744 4332399.117596302 
4411236.485899013 -58670.296911011 4612472.595957369 
4085766.016403828 -71531.306682071 4898726.213268604 
4317643.541514110 -71972.691662562 4698358.002307331 
4785993.138515006 172566.938970655 4202593.203352257 
4073597.856126091 -80279.688189439 4907625.064060836 
4259825.685963377 -96817.740651445 4752048.669616274 
4543355.857601156 17921.106192682 4482739.047934655 
4710504.498624518 107718.865748124 4302104.587370712 
4686182.943195018 97588.764294187 4329162.501456443 
4365084.865418783 -65905.121281282 4654404.835255500 
3948653.706143152 -8407.887706496 5005080.443370542 
3898806.608069097 296095.472108534 5032256.209472802 
3802189.434626360 -385072.580986034 5100690.982696112 
4218816.090620738 98390.493665190 4788461.674940699 
4111345.359077584 194461.457912408 4878153.038446190 
3713273.574260622 546673.090999284 5162750.657260530 
5039451.243945619 -279896.275055554 3906283.264157116 
5112558.175541501 -404432.144333776 3796851.951511587 
4852139.265604785 -195306.157848941 4132691.978810729 
4819654.968456150 -253177.866798100 4164186.895925844 
5090406.715783976 -350331.779843292 3820870.042314606 
5047659.854419201 -415436.654104033 3873817.009003856 
4966501.909515315 -145406.921408091 4005743.856842492 
4991056.258980486 -243055.561107584 3970357.807381520 
4474227.752562782 537875.878151893 4517309.652549881 
4926659.366932581 -785331.156626085 3966185.887248452 
4554583.587255948 626573.030816091 4425490.743581063 
4321618.561201887 897953.717784195 4608588.272992269 
3486175.598975768 1680031.722572455 5074422.091872155 
4453175.946994652 567384.340153986 4535326.016126769 
3357626.850815413 1770800.091369095 5130708.604892269 
4565622.565413781 613077.531315713 4415102.862426347 
4319593.322606313 900207.204373916 4610056.788520967 
4599190.050342714 -315315.538560095 4415106.691897166 
4447134.748683735 -281660.237273289 4570426.691967919 
4220649.997008405 -118778.095023884 4784735.834183581 
4233848.163810804 -185075.909833756 4772580.800664468 
4776497.801430632 -301432.432499645 4220911.076825202 
4626715.888851435 -309252.768605571 4385797.053636142 
4608819.239569202 -311288.633843062 4404456.560137798 
3991764.338173742 -40130.944013310 4968910.224262554 
4750552.022189724 -300710.745286090 4248963.811844437 
4774451.689220363 -259661.540049736 4222144.719102344 
4098008.854821450 -118404.734117561 4889666.594886051 
4091947.959990905 -117729.273920181 4893683.173967488 
4530925.724025162 -236345.614705839 4488253.495799940 
3986073.202569888 -33185.705164315 4974181.596265961 
4621687.903253817 -137652.904601846 4398050.288541619 
3781591.559575111 -396060.005889823 5113053.329626617 
4800625.392007298 -351440.808899050 4184435.059067730 
3919215.164961861 339854.321460792 5024156.917362493 
3978189.949121080 299959.518715864 4980935.201151262 
5126479.187855002 -439404.168837175 3775158.483444375 
4712093.439763501 -225596.202594673 4297706.250234959 
4609327.385910138 116513.422417061 4412492.751345828 
4786420.470992625 1092720.357499004 4075567.719262065 
4462790.894154271 2647072.949743009 3716175.714161208 
3578713.257399966 1504426.030307183 5064337.768849931 
4175239.937882475 870960.262541014 4746210.009052974 
4696400.027527175 -37378.034612619 4320211.036713397 
5069103.986732928 -400638.570483994 3846665.143188043 
4481216.712620984 -220187.260615485 4539555.851789141 
4440586.889213240 -202888.489302801 4579267.742844473 
4311074.276771827 -169231.852672773 4702729.832830844 
3681328.506978976 -360373.603913442 5197973.805352465 
4200938.825708345 103622.470866124 4804043.138262581 
3841516.359832710 -376325.516752696 5073643.480048875 
4886146.014728067 -336274.157545437 4081192.334284202 
5047451.969792527 -375267.636948588 3882893.686432525 
3188363.233147506 1879363.941878740 5199595.250806374 
4006530.710618390 10628.952112460 4955800.828860831 
4768502.460323210 240894.401323398 4235647.194942768 
4319450.280657233 597375.536868474 4660777.266465890 
4284052.669497195 -123630.475493568 4729603.862366508 
4868292.769779507 6117.680340644 4121900.781132514 
5032575.097853193 -503116.177605114 3892252.381987060 
4911056.749414886 -61374.497642393 4061220.054548466 
4908533.449582856 -69140.318723105 4065137.295070991 
3781647.779446422 909359.370214453 5046175.319349410 
4028983.427417562 629337.107889436 4897154.764192366 
4151884.652100439 -129027.535041515 4845398.518337778 
3995432.500852372 -2719.605055080 4963637.558053258 
4283112.644387971 -166037.905608677 4728323.826662570 
4806115.685438076 635638.799232797 4150515.864790782 
4572494.680012895 582505.778631567 4399040.014880019 
4217880.991384676 235742.311875009 4784470.333316286 
3953912.569975547 589011.472901604 4976031.282914995 
4307796.425186143 -77900.389336083 4700091.551789047 
4263413.765099864 547668.601328105 4706739.063432060 
4003935.826101416 28162.855302746 4960483.018532244 
3983173.195274834 3267.416618814 4976262.751354344 
3961528.703084544 265555.181151289 4987390.356077014 
4577030.344673169 108982.705333888 4446635.488450017 
4063834.367309461 694059.946324066 4863014.694108186 
4423987.312918232 1859763.885117291 4202241.254717768 
4438551.296705324 1863698.926013578 4181016.260680569 
4641888.043175065 2162378.413353567 3801823.716199224 
3991799.073014169 720467.926821834 4921029.994684576 
4004842.101851220 1261722.932069478 4805318.794804242 
3951361.577211944 174731.289886040 5003870.246831337 
3979165.994996317 177213.369689495 4984022.862655454 
3947151.148698989 225310.424681776 5009870.220937661 
3887837.517937012 929297.485381997 4970822.833224402 
4349808.281649909 479378.041200074 4645312.822113172 
4054409.991944123 675638.836904073 4882891.025408470 
3503418.024555458 793256.795653114 5262666.604498055 
3290816.827102408 1816703.425989585 5157865.156941032 
4393999.956541228 685803.670279941 4566769.927437801 
3435613.902347740 1716004.610222170 5097582.269705923 
4256295.938777104 522230.400338937 4727416.964473027 
4850307.324692996 -223220.243263810 4130112.912935399 
4568640.371699157 716492.038811750 4398605.021324940 
4930125.668401131 -51199.761154378 4052752.311634038 
3992750.071230433 45507.342981527 4979279.961716165 
4477460.983502802 660455.276822503 4500388.311607282 
4063853.804415208 693844.278376568 4862650.345311715 
4537872.676062839 553241.768741897 4454109.364313098 
4649300.710440189 983490.898065206 4248196.581765403 
4060386.714564299 70448.982259398 4917110.061649256 
4391661.509209610 387541.947512729 4615243.592072777 
4595333.184761595 691533.582552084 4374284.278099853 
4473787.187264759 910934.143062263 4459259.332989403 
4588264.903912902 660279.922273982 4386516.193537075 
4604085.107804869 848247.614272413 4337309.241317661 
4642476.721952380 1005435.406984285 4246486.690031257 
3981196.127488906 -43151.862686841 4976575.271915214 
4049793.354991064 85821.068210709 4928248.599422050 
4397873.903945416 579225.348447300 4588329.731993550 
4607865.085943580 798318.547418248 4342790.975326143 
4403494.271981957 607588.937501037 4579262.002597411 
4653368.132025185 998445.212104786 4237978.618133704 
4775269.550377491 594960.539771791 4190551.738937966 
4820274.842533925 -45936.188619047 4181241.857694159 
4589967.492336176 651614.538141331 4386030.737851710 
4737975.010568423 797881.495380895 4201004.358875018 
2974749.584079484 2090068.570189138 5241854.721219148 
3318754.371044212 1797663.964973640 5146623.494917730 
3725100.159599835 1512227.657485504 4956044.861427829 
4477486.025301289 3003417.291396355 3407450.230787980 
4533142.649876460 2616472.744123448 3651597.644368167 
4534633.094530150 2614168.641398723 3651423.521411815 
4216572.021656249 1547052.995590166 4533951.259531274 
4492457.607853193 2334939.372786786 3884285.842316580 
3927275.345892472 230365.488658447 5023204.849253544 
4430565.765861806 3090460.620862938 3377730.224537308 
4535295.545456494 2558741.612668630 3691757.817601855 
4107499.430702076 987867.426816541 4785154.802373795 
4189906.854899468 2142607.438286455 4309954.483568824 
3996672.278126312 1166664.608552999 4836041.576555718 
4535846.422443308 2422526.885697204 3779831.932835434 
4547315.899128580 2369301.561457105 3799722.994271209 
4530339.968966655 2810900.563554290 3507753.561557366 
4897283.524841307 -782401.527673480 4000293.416665973 
4475287.294750526 2733013.728763324 3635457.402715195 
4399766.155375379 3018790.421111637 3496856.180602510 
4838236.034559932 954486.863489296 4050913.991007110 
3781877.336855149 160888.084729124 5138946.360748436 
3883856.054023361 489612.137198421 5037763.999706028 
4883358.608559213 -443990.768586665 4084282.967651049 
4890929.137610838 -568841.201838058 4059669.730431866 
3982961.987418818 1630203.174645885 4712951.423564667 
4911613.902751029 -779944.455920515 3987384.108489883 
4289500.333249975 -18866.329481232 4725399.195988024 
4029282.226651524 612393.153735102 4912342.192683396 
4080587.174356723 -379981.325145590 4892237.638729339 
4694467.011621938 -710641.862103913 4265480.114517341 
4121981.088040068 -136164.028034822 4869151.103290321 
4905693.369190280 -790331.926414547 3988145.609675302 
4147566.529978746 -138820.926570478 4848433.845305840 
3977294.092712139 -15063.534385134 4979809.891114815 
4889029.885477036 -748650.675868790 4023821.483729441 
3971168.758885883 258056.786086073 4982413.495669411 
4412590.381342174 -283029.409400044 4602011.200408490 
4325883.891632619 562141.323242150 4658347.663071317 
4919514.639205414 -147210.917710042 4053833.004809103 
4901724.705822107 -685926.533974961 4019325.944534266 
4911692.901171444 -58553.093964407 4058687.133294489 
4645405.901562531 -391963.630579163 4359337.035319386 
4674590.273061380 447312.331057523 4322681.177878357 
4829123.139880170 262973.015934071 4163675.143234570 
3672968.656061837 1545482.736235103 4984623.438717368 
3718465.729099786 1325475.691165616 5014936.342404400 
3991444.890318847 1627334.649411580 4704344.089286843 
4119731.470183764 678988.667774273 4827425.594257010 
4337021.934221012 391341.971096195 4662598.059119548 
4337447.759227423 375358.607528619 4665298.376879144 
4296583.465222003 342298.737603867 4703260.162671387 
3981892.899979644 416.982850923 4976975.850732351 
4084368.928436959 134707.471545859 4898789.272688146 
4161070.821252337 661580.282694937 4795095.542211404 
4268415.860126399 617521.754355575 4703191.959059297 
4474484.634944434 337537.713987289 4533960.587317275 
4344632.325324866 2974720.461838516 3597224.413387424 
4011526.669831939 92785.552630717 4953379.876665032 
4007977.546581147 15179.744363988 4957431.599362962 
4270196.598191188 410420.978770504 4724274.480885978 
4273334.381815214 523033.984069536 4708711.338733065 
3716454.844124670 737360.952107778 5135943.281535826 
3951535.494412782 673248.080580596 4965278.173002040 
4570226.450961630 870164.069546450 4366993.471668697 
4900556.946068263 -785643.864738715 3995027.732221833 
4721585.586318975 -300862.915679341 4283639.896368838 
4443833.942547705 358166.889527423 4566140.681791043 
4478189.731186287 294065.530987954 4537929.252391608 
4189412.781284943 2396775.339961410 4176331.359681512 
3651096.294340486 2874058.245879563 4374431.159657888 
3726158.486043859 2861869.353563880 4318695.775606242 
4181647.940789274 2652219.078369948 4025089.837182805 
4491607.632325521 -212447.384558441 4528763.864000684 
4033811.378064948 609840.574906005 4908555.321832696 
5208894.686552972 -80009.170522423 3687582.615007905 
4568716.933833920 2464322.326699594 3711567.699288008 
4636803.336870291 2182408.286225133 3802491.633807157 
4355890.613418167 1442934.983781724 4437262.185782843 
4488328.584926089 2487921.160518730 3795077.063891918 
3998235.143182686 2582814.401703791 4252121.646060283 
3685559.779745848 1200498.554079153 5069245.118293512 
3293885.923608040 1785011.525011630 5156936.162109870 
3102199.090106758 2618407.545279230 4924415.634463606 
3089268.767139559 2643897.883306594 4918131.373275012 
3149252.560123768 2686580.376019417 4857371.800112202 
3093552.033019873 2489324.965996003 4995486.829998914 
2937763.912729509 2450781.439067520 5108109.252920335 
2920695.570328867 2374600.787033921 5152176.183594678 
3517020.737127400 2895292.670098156 4467107.871709807 
2982371.600126665 2482526.387832322 5065996.062991277 
3356516.758029393 2826549.684796844 4633173.341171548 
2895501.319018791 2096532.566824224 5279995.062127130 
2891184.471959987 2070724.468523524 5294439.780187458 
3866291.884430334 339956.675509118 5066140.851965027 
3919395.514826323 247205.564900509 5029822.192080106 
3597542.948760578 709592.554617099 5222638.880491741 
3775887.100113344 491072.259409329 5120889.553790459 
2912164.150918198 1994075.067038725 5314667.726423017 
3816777.325103134 448098.151787841 5090018.415871095 
3863212.528119002 319446.758154718 5057117.330750575 
3113130.426642600 1556765.496542144 5348522.587898172 
3243550.253581290 1341665.823514339 5329998.234454712 
2938108.410363086 1999436.251046653 5300147.864420690 
2853212.209124513 2139917.120958533 5283007.592210745 
4538378.894682193 595152.178151202 4447749.173949686 
4925815.034592418 184237.201574085 4053984.507591075 
3605357.660113835 1543470.956025554 5034755.433083523 
4854321.757994727 -230622.277305669 4123303.583783922 
3063013.014643296 1925971.751377511 5256460.579400424 
2866939.040765211 2132827.944309261 5279094.341985733 
4779474.067726362 -529347.600334058 4195486.290786302 
2878908.590203329 2114613.886398056 5283872.159771278 
2986249.161518275 2339499.170080778 5130980.488940369 
4229082.996965823 2632269.918630421 3987971.073066100 
2897532.398819920 2245775.061071774 5221737.276413085 
2958710.742490673 2355573.332028830 5140329.900106498 
3266760.746393083 2798963.733422606 4715423.689707140 
3098819.221013439 2580831.086367924 4945918.780996976 
3556669.853486497 2970885.540366826 4372728.407105642 
2859601.343134513 2146503.155546084 5276352.283924378 
2988780.858284509 2399522.225558797 5101685.195898554 
3530860.014236625 2839594.645893586 4493389.987887366 
3571287.583538109 2862881.018108989 4442064.988305976 
2959987.321348255 2331539.800508871 5150542.076162919 
2830897.147432013 2166420.549568658 5280367.822705908 
3087278.645385295 2557651.498657074 4965160.202791966 
3513045.022665199 2836087.553730480 4510078.549041727 
3096319.883572442 2341898.243126953 5063440.774625178 
3149963.770931110 2385930.676031559 5009489.826168134 
3177243.264577908 1429909.819920466 5346966.406606024 
